{
  "/home/ubuntu/Desktop/iPlant-frontend/src/Utils/Utils.js": {
    "path": "/home/ubuntu/Desktop/iPlant-frontend/src/Utils/Utils.js",
    "statementMap": {
      "0": {
        "start": {
          "line": 16,
          "column": 32
        },
        "end": {
          "line": 20,
          "column": 1
        }
      },
      "1": {
        "start": {
          "line": 17,
          "column": 4
        },
        "end": {
          "line": 17,
          "column": 29
        }
      },
      "2": {
        "start": {
          "line": 18,
          "column": 4
        },
        "end": {
          "line": 18,
          "column": 27
        }
      },
      "3": {
        "start": {
          "line": 19,
          "column": 4
        },
        "end": {
          "line": 19,
          "column": 19
        }
      },
      "4": {
        "start": {
          "line": 23,
          "column": 43
        },
        "end": {
          "line": 45,
          "column": 1
        }
      },
      "5": {
        "start": {
          "line": 24,
          "column": 4
        },
        "end": {
          "line": 44,
          "column": 7
        }
      },
      "6": {
        "start": {
          "line": 48,
          "column": 38
        },
        "end": {
          "line": 69,
          "column": 1
        }
      },
      "7": {
        "start": {
          "line": 49,
          "column": 15
        },
        "end": {
          "line": 53,
          "column": 6
        }
      },
      "8": {
        "start": {
          "line": 55,
          "column": 4
        },
        "end": {
          "line": 58,
          "column": 7
        }
      },
      "9": {
        "start": {
          "line": 60,
          "column": 4
        },
        "end": {
          "line": 63,
          "column": 7
        }
      },
      "10": {
        "start": {
          "line": 65,
          "column": 4
        },
        "end": {
          "line": 68,
          "column": 7
        }
      }
    },
    "fnMap": {
      "0": {
        "name": "(anonymous_0)",
        "decl": {
          "start": {
            "line": 16,
            "column": 32
          },
          "end": {
            "line": 16,
            "column": 33
          }
        },
        "loc": {
          "start": {
            "line": 16,
            "column": 38
          },
          "end": {
            "line": 20,
            "column": 1
          }
        },
        "line": 16
      },
      "1": {
        "name": "(anonymous_1)",
        "decl": {
          "start": {
            "line": 23,
            "column": 43
          },
          "end": {
            "line": 23,
            "column": 44
          }
        },
        "loc": {
          "start": {
            "line": 23,
            "column": 49
          },
          "end": {
            "line": 45,
            "column": 1
          }
        },
        "line": 23
      },
      "2": {
        "name": "(anonymous_2)",
        "decl": {
          "start": {
            "line": 48,
            "column": 38
          },
          "end": {
            "line": 48,
            "column": 39
          }
        },
        "loc": {
          "start": {
            "line": 48,
            "column": 44
          },
          "end": {
            "line": 69,
            "column": 1
          }
        },
        "line": 48
      }
    },
    "branchMap": {},
    "s": {
      "0": 3,
      "1": 6,
      "2": 6,
      "3": 6,
      "4": 3,
      "5": 6,
      "6": 3,
      "7": 6,
      "8": 6,
      "9": 6,
      "10": 6
    },
    "f": {
      "0": 6,
      "1": 6,
      "2": 6
    },
    "b": {},
    "_coverageSchema": "1a1c01bbd47fc00a2c39e90264f33305004495a9",
    "hash": "a133c62f6e10b5d7167c06a916d7694f47cf570c"
  },
  "/home/ubuntu/Desktop/iPlant-frontend/src/Components/NavBar/NavBar.js": {
    "path": "/home/ubuntu/Desktop/iPlant-frontend/src/Components/NavBar/NavBar.js",
    "statementMap": {
      "0": {
        "start": {
          "line": 17,
          "column": 17
        },
        "end": {
          "line": 17,
          "column": 19
        }
      },
      "1": {
        "start": {
          "line": 19,
          "column": 19
        },
        "end": {
          "line": 43,
          "column": 1
        }
      },
      "2": {
        "start": {
          "line": 45,
          "column": 21
        },
        "end": {
          "line": 71,
          "column": 1
        }
      },
      "3": {
        "start": {
          "line": 74,
          "column": 46
        },
        "end": {
          "line": 74,
          "column": 61
        }
      },
      "4": {
        "start": {
          "line": 75,
          "column": 42
        },
        "end": {
          "line": 75,
          "column": 57
        }
      },
      "5": {
        "start": {
          "line": 76,
          "column": 50
        },
        "end": {
          "line": 76,
          "column": 79
        }
      },
      "6": {
        "start": {
          "line": 77,
          "column": 54
        },
        "end": {
          "line": 79,
          "column": 4
        }
      },
      "7": {
        "start": {
          "line": 81,
          "column": 2
        },
        "end": {
          "line": 89,
          "column": 9
        }
      },
      "8": {
        "start": {
          "line": 82,
          "column": 25
        },
        "end": {
          "line": 86,
          "column": 5
        }
      },
      "9": {
        "start": {
          "line": 83,
          "column": 6
        },
        "end": {
          "line": 85,
          "column": 7
        }
      },
      "10": {
        "start": {
          "line": 84,
          "column": 8
        },
        "end": {
          "line": 84,
          "column": 33
        }
      },
      "11": {
        "start": {
          "line": 87,
          "column": 4
        },
        "end": {
          "line": 87,
          "column": 52
        }
      },
      "12": {
        "start": {
          "line": 88,
          "column": 4
        },
        "end": {
          "line": 88,
          "column": 68
        }
      },
      "13": {
        "start": {
          "line": 88,
          "column": 17
        },
        "end": {
          "line": 88,
          "column": 67
        }
      },
      "14": {
        "start": {
          "line": 91,
          "column": 27
        },
        "end": {
          "line": 94,
          "column": 3
        }
      },
      "15": {
        "start": {
          "line": 92,
          "column": 4
        },
        "end": {
          "line": 92,
          "column": 39
        }
      },
      "16": {
        "start": {
          "line": 93,
          "column": 4
        },
        "end": {
          "line": 93,
          "column": 27
        }
      },
      "17": {
        "start": {
          "line": 96,
          "column": 25
        },
        "end": {
          "line": 102,
          "column": 3
        }
      },
      "18": {
        "start": {
          "line": 97,
          "column": 4
        },
        "end": {
          "line": 97,
          "column": 35
        }
      },
      "19": {
        "start": {
          "line": 98,
          "column": 4
        },
        "end": {
          "line": 101,
          "column": 5
        }
      },
      "20": {
        "start": {
          "line": 99,
          "column": 6
        },
        "end": {
          "line": 99,
          "column": 47
        }
      },
      "21": {
        "start": {
          "line": 100,
          "column": 6
        },
        "end": {
          "line": 100,
          "column": 59
        }
      },
      "22": {
        "start": {
          "line": 104,
          "column": 25
        },
        "end": {
          "line": 109,
          "column": 3
        }
      },
      "23": {
        "start": {
          "line": 105,
          "column": 4
        },
        "end": {
          "line": 108,
          "column": 8
        }
      },
      "24": {
        "start": {
          "line": 105,
          "column": 35
        },
        "end": {
          "line": 108,
          "column": 5
        }
      },
      "25": {
        "start": {
          "line": 111,
          "column": 26
        },
        "end": {
          "line": 117,
          "column": 3
        }
      },
      "26": {
        "start": {
          "line": 112,
          "column": 20
        },
        "end": {
          "line": 112,
          "column": 47
        }
      },
      "27": {
        "start": {
          "line": 113,
          "column": 4
        },
        "end": {
          "line": 115,
          "column": 5
        }
      },
      "28": {
        "start": {
          "line": 114,
          "column": 6
        },
        "end": {
          "line": 114,
          "column": 53
        }
      },
      "29": {
        "start": {
          "line": 116,
          "column": 4
        },
        "end": {
          "line": 116,
          "column": 29
        }
      },
      "30": {
        "start": {
          "line": 119,
          "column": 2
        },
        "end": {
          "line": 252,
          "column": 4
        }
      },
      "31": {
        "start": {
          "line": 177,
          "column": 16
        },
        "end": {
          "line": 197,
          "column": 22
        }
      },
      "32": {
        "start": {
          "line": 179,
          "column": 35
        },
        "end": {
          "line": 179,
          "column": 59
        }
      },
      "33": {
        "start": {
          "line": 188,
          "column": 24
        },
        "end": {
          "line": 193,
          "column": 29
        }
      },
      "34": {
        "start": {
          "line": 215,
          "column": 24
        },
        "end": {
          "line": 221,
          "column": 29
        }
      },
      "35": {
        "start": {
          "line": 218,
          "column": 41
        },
        "end": {
          "line": 218,
          "column": 70
        }
      },
      "36": {
        "start": {
          "line": 229,
          "column": 24
        },
        "end": {
          "line": 234,
          "column": 29
        }
      }
    },
    "fnMap": {
      "0": {
        "name": "NavBar",
        "decl": {
          "start": {
            "line": 73,
            "column": 9
          },
          "end": {
            "line": 73,
            "column": 15
          }
        },
        "loc": {
          "start": {
            "line": 73,
            "column": 32
          },
          "end": {
            "line": 253,
            "column": 1
          }
        },
        "line": 73
      },
      "1": {
        "name": "(anonymous_1)",
        "decl": {
          "start": {
            "line": 81,
            "column": 12
          },
          "end": {
            "line": 81,
            "column": 13
          }
        },
        "loc": {
          "start": {
            "line": 81,
            "column": 18
          },
          "end": {
            "line": 89,
            "column": 3
          }
        },
        "line": 81
      },
      "2": {
        "name": "(anonymous_2)",
        "decl": {
          "start": {
            "line": 82,
            "column": 25
          },
          "end": {
            "line": 82,
            "column": 26
          }
        },
        "loc": {
          "start": {
            "line": 82,
            "column": 31
          },
          "end": {
            "line": 86,
            "column": 5
          }
        },
        "line": 82
      },
      "3": {
        "name": "(anonymous_3)",
        "decl": {
          "start": {
            "line": 88,
            "column": 11
          },
          "end": {
            "line": 88,
            "column": 12
          }
        },
        "loc": {
          "start": {
            "line": 88,
            "column": 17
          },
          "end": {
            "line": 88,
            "column": 67
          }
        },
        "line": 88
      },
      "4": {
        "name": "(anonymous_4)",
        "decl": {
          "start": {
            "line": 91,
            "column": 27
          },
          "end": {
            "line": 91,
            "column": 28
          }
        },
        "loc": {
          "start": {
            "line": 91,
            "column": 33
          },
          "end": {
            "line": 94,
            "column": 3
          }
        },
        "line": 91
      },
      "5": {
        "name": "(anonymous_5)",
        "decl": {
          "start": {
            "line": 96,
            "column": 25
          },
          "end": {
            "line": 96,
            "column": 26
          }
        },
        "loc": {
          "start": {
            "line": 96,
            "column": 31
          },
          "end": {
            "line": 102,
            "column": 3
          }
        },
        "line": 96
      },
      "6": {
        "name": "(anonymous_6)",
        "decl": {
          "start": {
            "line": 104,
            "column": 25
          },
          "end": {
            "line": 104,
            "column": 26
          }
        },
        "loc": {
          "start": {
            "line": 104,
            "column": 39
          },
          "end": {
            "line": 109,
            "column": 3
          }
        },
        "line": 104
      },
      "7": {
        "name": "(anonymous_7)",
        "decl": {
          "start": {
            "line": 105,
            "column": 26
          },
          "end": {
            "line": 105,
            "column": 27
          }
        },
        "loc": {
          "start": {
            "line": 105,
            "column": 35
          },
          "end": {
            "line": 108,
            "column": 5
          }
        },
        "line": 105
      },
      "8": {
        "name": "(anonymous_8)",
        "decl": {
          "start": {
            "line": 111,
            "column": 26
          },
          "end": {
            "line": 111,
            "column": 27
          }
        },
        "loc": {
          "start": {
            "line": 111,
            "column": 34
          },
          "end": {
            "line": 117,
            "column": 3
          }
        },
        "line": 111
      },
      "9": {
        "name": "(anonymous_9)",
        "decl": {
          "start": {
            "line": 176,
            "column": 45
          },
          "end": {
            "line": 176,
            "column": 46
          }
        },
        "loc": {
          "start": {
            "line": 177,
            "column": 16
          },
          "end": {
            "line": 197,
            "column": 22
          }
        },
        "line": 177
      },
      "10": {
        "name": "(anonymous_10)",
        "decl": {
          "start": {
            "line": 179,
            "column": 29
          },
          "end": {
            "line": 179,
            "column": 30
          }
        },
        "loc": {
          "start": {
            "line": 179,
            "column": 35
          },
          "end": {
            "line": 179,
            "column": 59
          }
        },
        "line": 179
      },
      "11": {
        "name": "(anonymous_11)",
        "decl": {
          "start": {
            "line": 187,
            "column": 50
          },
          "end": {
            "line": 187,
            "column": 51
          }
        },
        "loc": {
          "start": {
            "line": 188,
            "column": 24
          },
          "end": {
            "line": 193,
            "column": 29
          }
        },
        "line": 188
      },
      "12": {
        "name": "(anonymous_12)",
        "decl": {
          "start": {
            "line": 214,
            "column": 53
          },
          "end": {
            "line": 214,
            "column": 54
          }
        },
        "loc": {
          "start": {
            "line": 215,
            "column": 24
          },
          "end": {
            "line": 221,
            "column": 29
          }
        },
        "line": 215
      },
      "13": {
        "name": "(anonymous_13)",
        "decl": {
          "start": {
            "line": 218,
            "column": 35
          },
          "end": {
            "line": 218,
            "column": 36
          }
        },
        "loc": {
          "start": {
            "line": 218,
            "column": 41
          },
          "end": {
            "line": 218,
            "column": 70
          }
        },
        "line": 218
      },
      "14": {
        "name": "(anonymous_14)",
        "decl": {
          "start": {
            "line": 228,
            "column": 92
          },
          "end": {
            "line": 228,
            "column": 93
          }
        },
        "loc": {
          "start": {
            "line": 229,
            "column": 24
          },
          "end": {
            "line": 234,
            "column": 29
          }
        },
        "line": 229
      }
    },
    "branchMap": {
      "0": {
        "loc": {
          "start": {
            "line": 83,
            "column": 6
          },
          "end": {
            "line": 85,
            "column": 7
          }
        },
        "type": "if",
        "locations": [
          {
            "start": {
              "line": 83,
              "column": 6
            },
            "end": {
              "line": 85,
              "column": 7
            }
          },
          {
            "start": {
              "line": 83,
              "column": 6
            },
            "end": {
              "line": 85,
              "column": 7
            }
          }
        ],
        "line": 83
      },
      "1": {
        "loc": {
          "start": {
            "line": 98,
            "column": 4
          },
          "end": {
            "line": 101,
            "column": 5
          }
        },
        "type": "if",
        "locations": [
          {
            "start": {
              "line": 98,
              "column": 4
            },
            "end": {
              "line": 101,
              "column": 5
            }
          },
          {
            "start": {
              "line": 98,
              "column": 4
            },
            "end": {
              "line": 101,
              "column": 5
            }
          }
        ],
        "line": 98
      },
      "2": {
        "loc": {
          "start": {
            "line": 113,
            "column": 4
          },
          "end": {
            "line": 115,
            "column": 5
          }
        },
        "type": "if",
        "locations": [
          {
            "start": {
              "line": 113,
              "column": 4
            },
            "end": {
              "line": 115,
              "column": 5
            }
          },
          {
            "start": {
              "line": 113,
              "column": 4
            },
            "end": {
              "line": 115,
              "column": 5
            }
          }
        ],
        "line": 113
      },
      "3": {
        "loc": {
          "start": {
            "line": 121,
            "column": 6
          },
          "end": {
            "line": 121,
            "column": 35
          }
        },
        "type": "cond-expr",
        "locations": [
          {
            "start": {
              "line": 121,
              "column": 19
            },
            "end": {
              "line": 121,
              "column": 30
            }
          },
          {
            "start": {
              "line": 121,
              "column": 33
            },
            "end": {
              "line": 121,
              "column": 35
            }
          }
        ],
        "line": 121
      },
      "4": {
        "loc": {
          "start": {
            "line": 147,
            "column": 28
          },
          "end": {
            "line": 147,
            "column": 108
          }
        },
        "type": "cond-expr",
        "locations": [
          {
            "start": {
              "line": 147,
              "column": 43
            },
            "end": {
              "line": 147,
              "column": 73
            }
          },
          {
            "start": {
              "line": 147,
              "column": 76
            },
            "end": {
              "line": 147,
              "column": 108
            }
          }
        ],
        "line": 147
      },
      "5": {
        "loc": {
          "start": {
            "line": 156,
            "column": 24
          },
          "end": {
            "line": 156,
            "column": 67
          }
        },
        "type": "cond-expr",
        "locations": [
          {
            "start": {
              "line": 156,
              "column": 41
            },
            "end": {
              "line": 156,
              "column": 53
            }
          },
          {
            "start": {
              "line": 156,
              "column": 56
            },
            "end": {
              "line": 156,
              "column": 67
            }
          }
        ],
        "line": 156
      },
      "6": {
        "loc": {
          "start": {
            "line": 158,
            "column": 13
          },
          "end": {
            "line": 158,
            "column": 66
          }
        },
        "type": "cond-expr",
        "locations": [
          {
            "start": {
              "line": 158,
              "column": 30
            },
            "end": {
              "line": 158,
              "column": 45
            }
          },
          {
            "start": {
              "line": 158,
              "column": 48
            },
            "end": {
              "line": 158,
              "column": 66
            }
          }
        ],
        "line": 158
      },
      "7": {
        "loc": {
          "start": {
            "line": 163,
            "column": 47
          },
          "end": {
            "line": 163,
            "column": 82
          }
        },
        "type": "cond-expr",
        "locations": [
          {
            "start": {
              "line": 163,
              "column": 64
            },
            "end": {
              "line": 163,
              "column": 71
            }
          },
          {
            "start": {
              "line": 163,
              "column": 74
            },
            "end": {
              "line": 163,
              "column": 82
            }
          }
        ],
        "line": 163
      },
      "8": {
        "loc": {
          "start": {
            "line": 172,
            "column": 26
          },
          "end": {
            "line": 172,
            "column": 72
          }
        },
        "type": "cond-expr",
        "locations": [
          {
            "start": {
              "line": 172,
              "column": 41
            },
            "end": {
              "line": 172,
              "column": 54
            }
          },
          {
            "start": {
              "line": 172,
              "column": 57
            },
            "end": {
              "line": 172,
              "column": 72
            }
          }
        ],
        "line": 172
      },
      "9": {
        "loc": {
          "start": {
            "line": 174,
            "column": 11
          },
          "end": {
            "line": 200,
            "column": 11
          }
        },
        "type": "binary-expr",
        "locations": [
          {
            "start": {
              "line": 174,
              "column": 11
            },
            "end": {
              "line": 174,
              "column": 23
            }
          },
          {
            "start": {
              "line": 175,
              "column": 12
            },
            "end": {
              "line": 199,
              "column": 18
            }
          }
        ],
        "line": 174
      },
      "10": {
        "loc": {
          "start": {
            "line": 183,
            "column": 32
          },
          "end": {
            "line": 183,
            "column": 114
          }
        },
        "type": "cond-expr",
        "locations": [
          {
            "start": {
              "line": 183,
              "column": 63
            },
            "end": {
              "line": 183,
              "column": 86
            }
          },
          {
            "start": {
              "line": 183,
              "column": 89
            },
            "end": {
              "line": 183,
              "column": 114
            }
          }
        ],
        "line": 183
      },
      "11": {
        "loc": {
          "start": {
            "line": 185,
            "column": 19
          },
          "end": {
            "line": 196,
            "column": 19
          }
        },
        "type": "binary-expr",
        "locations": [
          {
            "start": {
              "line": 185,
              "column": 19
            },
            "end": {
              "line": 185,
              "column": 47
            }
          },
          {
            "start": {
              "line": 186,
              "column": 20
            },
            "end": {
              "line": 195,
              "column": 25
            }
          }
        ],
        "line": 185
      },
      "12": {
        "loc": {
          "start": {
            "line": 206,
            "column": 7
          },
          "end": {
            "line": 250,
            "column": 7
          }
        },
        "type": "binary-expr",
        "locations": [
          {
            "start": {
              "line": 206,
              "column": 7
            },
            "end": {
              "line": 206,
              "column": 19
            }
          },
          {
            "start": {
              "line": 206,
              "column": 23
            },
            "end": {
              "line": 206,
              "column": 38
            }
          },
          {
            "start": {
              "line": 207,
              "column": 8
            },
            "end": {
              "line": 249,
              "column": 14
            }
          }
        ],
        "line": 206
      },
      "13": {
        "loc": {
          "start": {
            "line": 217,
            "column": 55
          },
          "end": {
            "line": 217,
            "column": 120
          }
        },
        "type": "cond-expr",
        "locations": [
          {
            "start": {
              "line": 217,
              "column": 87
            },
            "end": {
              "line": 217,
              "column": 115
            }
          },
          {
            "start": {
              "line": 217,
              "column": 118
            },
            "end": {
              "line": 217,
              "column": 120
            }
          }
        ],
        "line": 217
      },
      "14": {
        "loc": {
          "start": {
            "line": 228,
            "column": 23
          },
          "end": {
            "line": 235,
            "column": 24
          }
        },
        "type": "binary-expr",
        "locations": [
          {
            "start": {
              "line": 228,
              "column": 23
            },
            "end": {
              "line": 228,
              "column": 53
            }
          },
          {
            "start": {
              "line": 228,
              "column": 57
            },
            "end": {
              "line": 235,
              "column": 24
            }
          }
        ],
        "line": 228
      }
    },
    "s": {
      "0": 3,
      "1": 3,
      "2": 3,
      "3": 2,
      "4": 2,
      "5": 2,
      "6": 2,
      "7": 2,
      "8": 2,
      "9": 0,
      "10": 0,
      "11": 2,
      "12": 2,
      "13": 1,
      "14": 2,
      "15": 0,
      "16": 0,
      "17": 2,
      "18": 0,
      "19": 0,
      "20": 0,
      "21": 0,
      "22": 2,
      "23": 0,
      "24": 0,
      "25": 2,
      "26": 0,
      "27": 0,
      "28": 0,
      "29": 0,
      "30": 2,
      "31": 0,
      "32": 0,
      "33": 0,
      "34": 0,
      "35": 0,
      "36": 0
    },
    "f": {
      "0": 2,
      "1": 2,
      "2": 0,
      "3": 1,
      "4": 0,
      "5": 0,
      "6": 0,
      "7": 0,
      "8": 0,
      "9": 0,
      "10": 0,
      "11": 0,
      "12": 0,
      "13": 0,
      "14": 0
    },
    "b": {
      "0": [
        0,
        0
      ],
      "1": [
        0,
        0
      ],
      "2": [
        0,
        0
      ],
      "3": [
        0,
        2
      ],
      "4": [
        0,
        2
      ],
      "5": [
        0,
        2
      ],
      "6": [
        0,
        2
      ],
      "7": [
        0,
        2
      ],
      "8": [
        0,
        2
      ],
      "9": [
        2,
        0
      ],
      "10": [
        0,
        0
      ],
      "11": [
        0,
        0
      ],
      "12": [
        2,
        0,
        0
      ],
      "13": [
        0,
        0
      ],
      "14": [
        0,
        0
      ]
    },
    "_coverageSchema": "1a1c01bbd47fc00a2c39e90264f33305004495a9",
    "hash": "2799e51a53681de71f0d033c6d3a044195e8c930"
  },
  "/home/ubuntu/Desktop/iPlant-frontend/src/Components/HeroSection/HeroSection.js": {
    "path": "/home/ubuntu/Desktop/iPlant-frontend/src/Components/HeroSection/HeroSection.js",
    "statementMap": {
      "0": {
        "start": {
          "line": 4,
          "column": 2
        },
        "end": {
          "line": 33,
          "column": 4
        }
      }
    },
    "fnMap": {
      "0": {
        "name": "HeroSection",
        "decl": {
          "start": {
            "line": 3,
            "column": 9
          },
          "end": {
            "line": 3,
            "column": 20
          }
        },
        "loc": {
          "start": {
            "line": 3,
            "column": 23
          },
          "end": {
            "line": 34,
            "column": 1
          }
        },
        "line": 3
      }
    },
    "branchMap": {},
    "s": {
      "0": 2
    },
    "f": {
      "0": 2
    },
    "b": {},
    "_coverageSchema": "1a1c01bbd47fc00a2c39e90264f33305004495a9",
    "hash": "7cdd87583ee42e1e0735c80f5434639bcd932d70"
  },
  "/home/ubuntu/Desktop/iPlant-frontend/src/Components/Features/Features.js": {
    "path": "/home/ubuntu/Desktop/iPlant-frontend/src/Components/Features/Features.js",
    "statementMap": {
      "0": {
        "start": {
          "line": 3,
          "column": 17
        },
        "end": {
          "line": 57,
          "column": 1
        }
      },
      "1": {
        "start": {
          "line": 4,
          "column": 23
        },
        "end": {
          "line": 23,
          "column": 3
        }
      },
      "2": {
        "start": {
          "line": 25,
          "column": 4
        },
        "end": {
          "line": 56,
          "column": 6
        }
      },
      "3": {
        "start": {
          "line": 40,
          "column": 18
        },
        "end": {
          "line": 51,
          "column": 24
        }
      }
    },
    "fnMap": {
      "0": {
        "name": "(anonymous_0)",
        "decl": {
          "start": {
            "line": 3,
            "column": 17
          },
          "end": {
            "line": 3,
            "column": 18
          }
        },
        "loc": {
          "start": {
            "line": 3,
            "column": 23
          },
          "end": {
            "line": 57,
            "column": 1
          }
        },
        "line": 3
      },
      "1": {
        "name": "(anonymous_1)",
        "decl": {
          "start": {
            "line": 39,
            "column": 34
          },
          "end": {
            "line": 39,
            "column": 35
          }
        },
        "loc": {
          "start": {
            "line": 40,
            "column": 18
          },
          "end": {
            "line": 51,
            "column": 24
          }
        },
        "line": 40
      }
    },
    "branchMap": {},
    "s": {
      "0": 3,
      "1": 2,
      "2": 2,
      "3": 6
    },
    "f": {
      "0": 2,
      "1": 6
    },
    "b": {},
    "_coverageSchema": "1a1c01bbd47fc00a2c39e90264f33305004495a9",
    "hash": "b382122725921569f63e6ec945d596cc475ae8e4"
  },
  "/home/ubuntu/Desktop/iPlant-frontend/src/Components/Facts/Facts.js": {
    "path": "/home/ubuntu/Desktop/iPlant-frontend/src/Components/Facts/Facts.js",
    "statementMap": {
      "0": {
        "start": {
          "line": 3,
          "column": 14
        },
        "end": {
          "line": 42,
          "column": 1
        }
      },
      "1": {
        "start": {
          "line": 4,
          "column": 4
        },
        "end": {
          "line": 41,
          "column": 6
        }
      }
    },
    "fnMap": {
      "0": {
        "name": "(anonymous_0)",
        "decl": {
          "start": {
            "line": 3,
            "column": 14
          },
          "end": {
            "line": 3,
            "column": 15
          }
        },
        "loc": {
          "start": {
            "line": 3,
            "column": 20
          },
          "end": {
            "line": 42,
            "column": 1
          }
        },
        "line": 3
      }
    },
    "branchMap": {},
    "s": {
      "0": 3,
      "1": 2
    },
    "f": {
      "0": 2
    },
    "b": {},
    "_coverageSchema": "1a1c01bbd47fc00a2c39e90264f33305004495a9",
    "hash": "0a760311d0ce3349fda273db3ba26212e877bbed"
  },
  "/home/ubuntu/Desktop/iPlant-frontend/src/Components/Footer/Footer.js": {
    "path": "/home/ubuntu/Desktop/iPlant-frontend/src/Components/Footer/Footer.js",
    "statementMap": {
      "0": {
        "start": {
          "line": 3,
          "column": 15
        },
        "end": {
          "line": 46,
          "column": 1
        }
      },
      "1": {
        "start": {
          "line": 4,
          "column": 4
        },
        "end": {
          "line": 45,
          "column": 6
        }
      }
    },
    "fnMap": {
      "0": {
        "name": "(anonymous_0)",
        "decl": {
          "start": {
            "line": 3,
            "column": 15
          },
          "end": {
            "line": 3,
            "column": 16
          }
        },
        "loc": {
          "start": {
            "line": 3,
            "column": 21
          },
          "end": {
            "line": 46,
            "column": 1
          }
        },
        "line": 3
      }
    },
    "branchMap": {},
    "s": {
      "0": 3,
      "1": 3
    },
    "f": {
      "0": 3
    },
    "b": {},
    "_coverageSchema": "1a1c01bbd47fc00a2c39e90264f33305004495a9",
    "hash": "208a17b6f3b6ce8b7d0208f87cd870fd0151d544"
  },
  "/home/ubuntu/Desktop/iPlant-frontend/src/Components/ChatBot/ChatBot.js": {
    "path": "/home/ubuntu/Desktop/iPlant-frontend/src/Components/ChatBot/ChatBot.js",
    "statementMap": {
      "0": {
        "start": {
          "line": 4,
          "column": 16
        },
        "end": {
          "line": 194,
          "column": 1
        }
      },
      "1": {
        "start": {
          "line": 5,
          "column": 38
        },
        "end": {
          "line": 5,
          "column": 53
        }
      },
      "2": {
        "start": {
          "line": 6,
          "column": 54
        },
        "end": {
          "line": 6,
          "column": 69
        }
      },
      "3": {
        "start": {
          "line": 7,
          "column": 34
        },
        "end": {
          "line": 7,
          "column": 46
        }
      },
      "4": {
        "start": {
          "line": 8,
          "column": 34
        },
        "end": {
          "line": 8,
          "column": 46
        }
      },
      "5": {
        "start": {
          "line": 9,
          "column": 36
        },
        "end": {
          "line": 9,
          "column": 51
        }
      },
      "6": {
        "start": {
          "line": 10,
          "column": 28
        },
        "end": {
          "line": 10,
          "column": 41
        }
      },
      "7": {
        "start": {
          "line": 12,
          "column": 2
        },
        "end": {
          "line": 24,
          "column": 27
        }
      },
      "8": {
        "start": {
          "line": 13,
          "column": 27
        },
        "end": {
          "line": 17,
          "column": 5
        }
      },
      "9": {
        "start": {
          "line": 14,
          "column": 6
        },
        "end": {
          "line": 16,
          "column": 7
        }
      },
      "10": {
        "start": {
          "line": 15,
          "column": 8
        },
        "end": {
          "line": 15,
          "column": 23
        }
      },
      "11": {
        "start": {
          "line": 19,
          "column": 4
        },
        "end": {
          "line": 19,
          "column": 56
        }
      },
      "12": {
        "start": {
          "line": 21,
          "column": 4
        },
        "end": {
          "line": 23,
          "column": 6
        }
      },
      "13": {
        "start": {
          "line": 22,
          "column": 6
        },
        "end": {
          "line": 22,
          "column": 61
        }
      },
      "14": {
        "start": {
          "line": 26,
          "column": 19
        },
        "end": {
          "line": 37,
          "column": 3
        }
      },
      "15": {
        "start": {
          "line": 27,
          "column": 4
        },
        "end": {
          "line": 27,
          "column": 24
        }
      },
      "16": {
        "start": {
          "line": 28,
          "column": 4
        },
        "end": {
          "line": 28,
          "column": 33
        }
      },
      "17": {
        "start": {
          "line": 30,
          "column": 4
        },
        "end": {
          "line": 36,
          "column": 5
        }
      },
      "18": {
        "start": {
          "line": 31,
          "column": 6
        },
        "end": {
          "line": 34,
          "column": 9
        }
      },
      "19": {
        "start": {
          "line": 31,
          "column": 36
        },
        "end": {
          "line": 34,
          "column": 7
        }
      },
      "20": {
        "start": {
          "line": 35,
          "column": 6
        },
        "end": {
          "line": 35,
          "column": 39
        }
      },
      "21": {
        "start": {
          "line": 39,
          "column": 20
        },
        "end": {
          "line": 42,
          "column": 3
        }
      },
      "22": {
        "start": {
          "line": 40,
          "column": 4
        },
        "end": {
          "line": 40,
          "column": 25
        }
      },
      "23": {
        "start": {
          "line": 41,
          "column": 4
        },
        "end": {
          "line": 41,
          "column": 33
        }
      },
      "24": {
        "start": {
          "line": 44,
          "column": 28
        },
        "end": {
          "line": 46,
          "column": 3
        }
      },
      "25": {
        "start": {
          "line": 45,
          "column": 4
        },
        "end": {
          "line": 45,
          "column": 76
        }
      },
      "26": {
        "start": {
          "line": 48,
          "column": 23
        },
        "end": {
          "line": 57,
          "column": 3
        }
      },
      "27": {
        "start": {
          "line": 49,
          "column": 20
        },
        "end": {
          "line": 49,
          "column": 54
        }
      },
      "28": {
        "start": {
          "line": 51,
          "column": 4
        },
        "end": {
          "line": 54,
          "column": 5
        }
      },
      "29": {
        "start": {
          "line": 52,
          "column": 6
        },
        "end": {
          "line": 52,
          "column": 38
        }
      },
      "30": {
        "start": {
          "line": 53,
          "column": 6
        },
        "end": {
          "line": 53,
          "column": 52
        }
      },
      "31": {
        "start": {
          "line": 56,
          "column": 4
        },
        "end": {
          "line": 56,
          "column": 21
        }
      },
      "32": {
        "start": {
          "line": 59,
          "column": 23
        },
        "end": {
          "line": 74,
          "column": 3
        }
      },
      "33": {
        "start": {
          "line": 60,
          "column": 4
        },
        "end": {
          "line": 62,
          "column": 5
        }
      },
      "34": {
        "start": {
          "line": 61,
          "column": 6
        },
        "end": {
          "line": 61,
          "column": 13
        }
      },
      "35": {
        "start": {
          "line": 64,
          "column": 4
        },
        "end": {
          "line": 67,
          "column": 7
        }
      },
      "36": {
        "start": {
          "line": 64,
          "column": 34
        },
        "end": {
          "line": 67,
          "column": 5
        }
      },
      "37": {
        "start": {
          "line": 68,
          "column": 4
        },
        "end": {
          "line": 68,
          "column": 20
        }
      },
      "38": {
        "start": {
          "line": 70,
          "column": 4
        },
        "end": {
          "line": 70,
          "column": 23
        }
      },
      "39": {
        "start": {
          "line": 72,
          "column": 22
        },
        "end": {
          "line": 72,
          "column": 36
        }
      },
      "40": {
        "start": {
          "line": 73,
          "column": 4
        },
        "end": {
          "line": 73,
          "column": 34
        }
      },
      "41": {
        "start": {
          "line": 76,
          "column": 19
        },
        "end": {
          "line": 109,
          "column": 3
        }
      },
      "42": {
        "start": {
          "line": 77,
          "column": 16
        },
        "end": {
          "line": 77,
          "column": 77
        }
      },
      "43": {
        "start": {
          "line": 78,
          "column": 17
        },
        "end": {
          "line": 81,
          "column": 5
        }
      },
      "44": {
        "start": {
          "line": 83,
          "column": 4
        },
        "end": {
          "line": 108,
          "column": 5
        }
      },
      "45": {
        "start": {
          "line": 84,
          "column": 23
        },
        "end": {
          "line": 90,
          "column": 8
        }
      },
      "46": {
        "start": {
          "line": 92,
          "column": 6
        },
        "end": {
          "line": 94,
          "column": 7
        }
      },
      "47": {
        "start": {
          "line": 93,
          "column": 8
        },
        "end": {
          "line": 93,
          "column": 66
        }
      },
      "48": {
        "start": {
          "line": 96,
          "column": 21
        },
        "end": {
          "line": 96,
          "column": 42
        }
      },
      "49": {
        "start": {
          "line": 97,
          "column": 27
        },
        "end": {
          "line": 97,
          "column": 50
        }
      },
      "50": {
        "start": {
          "line": 98,
          "column": 23
        },
        "end": {
          "line": 98,
          "column": 44
        }
      },
      "51": {
        "start": {
          "line": 100,
          "column": 6
        },
        "end": {
          "line": 100,
          "column": 30
        }
      },
      "52": {
        "start": {
          "line": 102,
          "column": 6
        },
        "end": {
          "line": 102,
          "column": 37
        }
      },
      "53": {
        "start": {
          "line": 103,
          "column": 6
        },
        "end": {
          "line": 105,
          "column": 7
        }
      },
      "54": {
        "start": {
          "line": 104,
          "column": 8
        },
        "end": {
          "line": 104,
          "column": 53
        }
      },
      "55": {
        "start": {
          "line": 107,
          "column": 6
        },
        "end": {
          "line": 107,
          "column": 26
        }
      },
      "56": {
        "start": {
          "line": 111,
          "column": 24
        },
        "end": {
          "line": 117,
          "column": 3
        }
      },
      "57": {
        "start": {
          "line": 112,
          "column": 26
        },
        "end": {
          "line": 115,
          "column": 7
        }
      },
      "58": {
        "start": {
          "line": 112,
          "column": 53
        },
        "end": {
          "line": 115,
          "column": 5
        }
      },
      "59": {
        "start": {
          "line": 116,
          "column": 4
        },
        "end": {
          "line": 116,
          "column": 71
        }
      },
      "60": {
        "start": {
          "line": 116,
          "column": 34
        },
        "end": {
          "line": 116,
          "column": 69
        }
      },
      "61": {
        "start": {
          "line": 119,
          "column": 2
        },
        "end": {
          "line": 193,
          "column": 4
        }
      },
      "62": {
        "start": {
          "line": 152,
          "column": 14
        },
        "end": {
          "line": 155,
          "column": 20
        }
      },
      "63": {
        "start": {
          "line": 178,
          "column": 33
        },
        "end": {
          "line": 178,
          "column": 60
        }
      }
    },
    "fnMap": {
      "0": {
        "name": "(anonymous_0)",
        "decl": {
          "start": {
            "line": 4,
            "column": 16
          },
          "end": {
            "line": 4,
            "column": 17
          }
        },
        "loc": {
          "start": {
            "line": 4,
            "column": 22
          },
          "end": {
            "line": 194,
            "column": 1
          }
        },
        "line": 4
      },
      "1": {
        "name": "(anonymous_1)",
        "decl": {
          "start": {
            "line": 12,
            "column": 12
          },
          "end": {
            "line": 12,
            "column": 13
          }
        },
        "loc": {
          "start": {
            "line": 12,
            "column": 18
          },
          "end": {
            "line": 24,
            "column": 3
          }
        },
        "line": 12
      },
      "2": {
        "name": "(anonymous_2)",
        "decl": {
          "start": {
            "line": 13,
            "column": 27
          },
          "end": {
            "line": 13,
            "column": 28
          }
        },
        "loc": {
          "start": {
            "line": 13,
            "column": 34
          },
          "end": {
            "line": 17,
            "column": 5
          }
        },
        "line": 13
      },
      "3": {
        "name": "(anonymous_3)",
        "decl": {
          "start": {
            "line": 21,
            "column": 11
          },
          "end": {
            "line": 21,
            "column": 12
          }
        },
        "loc": {
          "start": {
            "line": 21,
            "column": 17
          },
          "end": {
            "line": 23,
            "column": 5
          }
        },
        "line": 21
      },
      "4": {
        "name": "(anonymous_4)",
        "decl": {
          "start": {
            "line": 26,
            "column": 19
          },
          "end": {
            "line": 26,
            "column": 20
          }
        },
        "loc": {
          "start": {
            "line": 26,
            "column": 25
          },
          "end": {
            "line": 37,
            "column": 3
          }
        },
        "line": 26
      },
      "5": {
        "name": "(anonymous_5)",
        "decl": {
          "start": {
            "line": 31,
            "column": 18
          },
          "end": {
            "line": 31,
            "column": 19
          }
        },
        "loc": {
          "start": {
            "line": 31,
            "column": 36
          },
          "end": {
            "line": 34,
            "column": 7
          }
        },
        "line": 31
      },
      "6": {
        "name": "(anonymous_6)",
        "decl": {
          "start": {
            "line": 39,
            "column": 20
          },
          "end": {
            "line": 39,
            "column": 21
          }
        },
        "loc": {
          "start": {
            "line": 39,
            "column": 26
          },
          "end": {
            "line": 42,
            "column": 3
          }
        },
        "line": 39
      },
      "7": {
        "name": "(anonymous_7)",
        "decl": {
          "start": {
            "line": 44,
            "column": 28
          },
          "end": {
            "line": 44,
            "column": 29
          }
        },
        "loc": {
          "start": {
            "line": 44,
            "column": 34
          },
          "end": {
            "line": 46,
            "column": 3
          }
        },
        "line": 44
      },
      "8": {
        "name": "(anonymous_8)",
        "decl": {
          "start": {
            "line": 48,
            "column": 23
          },
          "end": {
            "line": 48,
            "column": 24
          }
        },
        "loc": {
          "start": {
            "line": 48,
            "column": 29
          },
          "end": {
            "line": 57,
            "column": 3
          }
        },
        "line": 48
      },
      "9": {
        "name": "(anonymous_9)",
        "decl": {
          "start": {
            "line": 59,
            "column": 23
          },
          "end": {
            "line": 59,
            "column": 24
          }
        },
        "loc": {
          "start": {
            "line": 59,
            "column": 29
          },
          "end": {
            "line": 74,
            "column": 3
          }
        },
        "line": 59
      },
      "10": {
        "name": "(anonymous_10)",
        "decl": {
          "start": {
            "line": 64,
            "column": 16
          },
          "end": {
            "line": 64,
            "column": 17
          }
        },
        "loc": {
          "start": {
            "line": 64,
            "column": 34
          },
          "end": {
            "line": 67,
            "column": 5
          }
        },
        "line": 64
      },
      "11": {
        "name": "(anonymous_11)",
        "decl": {
          "start": {
            "line": 76,
            "column": 19
          },
          "end": {
            "line": 76,
            "column": 20
          }
        },
        "loc": {
          "start": {
            "line": 76,
            "column": 51
          },
          "end": {
            "line": 109,
            "column": 3
          }
        },
        "line": 76
      },
      "12": {
        "name": "(anonymous_12)",
        "decl": {
          "start": {
            "line": 111,
            "column": 24
          },
          "end": {
            "line": 111,
            "column": 25
          }
        },
        "loc": {
          "start": {
            "line": 111,
            "column": 38
          },
          "end": {
            "line": 117,
            "column": 3
          }
        },
        "line": 111
      },
      "13": {
        "name": "(anonymous_13)",
        "decl": {
          "start": {
            "line": 112,
            "column": 39
          },
          "end": {
            "line": 112,
            "column": 40
          }
        },
        "loc": {
          "start": {
            "line": 112,
            "column": 53
          },
          "end": {
            "line": 115,
            "column": 5
          }
        },
        "line": 112
      },
      "14": {
        "name": "(anonymous_14)",
        "decl": {
          "start": {
            "line": 116,
            "column": 16
          },
          "end": {
            "line": 116,
            "column": 17
          }
        },
        "loc": {
          "start": {
            "line": 116,
            "column": 34
          },
          "end": {
            "line": 116,
            "column": 69
          }
        },
        "line": 116
      },
      "15": {
        "name": "(anonymous_15)",
        "decl": {
          "start": {
            "line": 151,
            "column": 26
          },
          "end": {
            "line": 151,
            "column": 27
          }
        },
        "loc": {
          "start": {
            "line": 152,
            "column": 14
          },
          "end": {
            "line": 155,
            "column": 20
          }
        },
        "line": 152
      },
      "16": {
        "name": "(anonymous_16)",
        "decl": {
          "start": {
            "line": 178,
            "column": 26
          },
          "end": {
            "line": 178,
            "column": 27
          }
        },
        "loc": {
          "start": {
            "line": 178,
            "column": 33
          },
          "end": {
            "line": 178,
            "column": 60
          }
        },
        "line": 178
      }
    },
    "branchMap": {
      "0": {
        "loc": {
          "start": {
            "line": 14,
            "column": 6
          },
          "end": {
            "line": 16,
            "column": 7
          }
        },
        "type": "if",
        "locations": [
          {
            "start": {
              "line": 14,
              "column": 6
            },
            "end": {
              "line": 16,
              "column": 7
            }
          },
          {
            "start": {
              "line": 14,
              "column": 6
            },
            "end": {
              "line": 16,
              "column": 7
            }
          }
        ],
        "line": 14
      },
      "1": {
        "loc": {
          "start": {
            "line": 14,
            "column": 10
          },
          "end": {
            "line": 14,
            "column": 71
          }
        },
        "type": "binary-expr",
        "locations": [
          {
            "start": {
              "line": 14,
              "column": 10
            },
            "end": {
              "line": 14,
              "column": 26
            }
          },
          {
            "start": {
              "line": 14,
              "column": 30
            },
            "end": {
              "line": 14,
              "column": 71
            }
          }
        ],
        "line": 14
      },
      "2": {
        "loc": {
          "start": {
            "line": 30,
            "column": 4
          },
          "end": {
            "line": 36,
            "column": 5
          }
        },
        "type": "if",
        "locations": [
          {
            "start": {
              "line": 30,
              "column": 4
            },
            "end": {
              "line": 36,
              "column": 5
            }
          },
          {
            "start": {
              "line": 30,
              "column": 4
            },
            "end": {
              "line": 36,
              "column": 5
            }
          }
        ],
        "line": 30
      },
      "3": {
        "loc": {
          "start": {
            "line": 51,
            "column": 4
          },
          "end": {
            "line": 54,
            "column": 5
          }
        },
        "type": "if",
        "locations": [
          {
            "start": {
              "line": 51,
              "column": 4
            },
            "end": {
              "line": 54,
              "column": 5
            }
          },
          {
            "start": {
              "line": 51,
              "column": 4
            },
            "end": {
              "line": 54,
              "column": 5
            }
          }
        ],
        "line": 51
      },
      "4": {
        "loc": {
          "start": {
            "line": 60,
            "column": 4
          },
          "end": {
            "line": 62,
            "column": 5
          }
        },
        "type": "if",
        "locations": [
          {
            "start": {
              "line": 60,
              "column": 4
            },
            "end": {
              "line": 62,
              "column": 5
            }
          },
          {
            "start": {
              "line": 60,
              "column": 4
            },
            "end": {
              "line": 62,
              "column": 5
            }
          }
        ],
        "line": 60
      },
      "5": {
        "loc": {
          "start": {
            "line": 92,
            "column": 6
          },
          "end": {
            "line": 94,
            "column": 7
          }
        },
        "type": "if",
        "locations": [
          {
            "start": {
              "line": 92,
              "column": 6
            },
            "end": {
              "line": 94,
              "column": 7
            }
          },
          {
            "start": {
              "line": 92,
              "column": 6
            },
            "end": {
              "line": 94,
              "column": 7
            }
          }
        ],
        "line": 92
      },
      "6": {
        "loc": {
          "start": {
            "line": 103,
            "column": 6
          },
          "end": {
            "line": 105,
            "column": 7
          }
        },
        "type": "if",
        "locations": [
          {
            "start": {
              "line": 103,
              "column": 6
            },
            "end": {
              "line": 105,
              "column": 7
            }
          },
          {
            "start": {
              "line": 103,
              "column": 6
            },
            "end": {
              "line": 105,
              "column": 7
            }
          }
        ],
        "line": 103
      },
      "7": {
        "loc": {
          "start": {
            "line": 121,
            "column": 55
          },
          "end": {
            "line": 121,
            "column": 84
          }
        },
        "type": "cond-expr",
        "locations": [
          {
            "start": {
              "line": 121,
              "column": 68
            },
            "end": {
              "line": 121,
              "column": 74
            }
          },
          {
            "start": {
              "line": 121,
              "column": 77
            },
            "end": {
              "line": 121,
              "column": 84
            }
          }
        ],
        "line": 121
      },
      "8": {
        "loc": {
          "start": {
            "line": 132,
            "column": 56
          },
          "end": {
            "line": 132,
            "column": 85
          }
        },
        "type": "cond-expr",
        "locations": [
          {
            "start": {
              "line": 132,
              "column": 69
            },
            "end": {
              "line": 132,
              "column": 76
            }
          },
          {
            "start": {
              "line": 132,
              "column": 79
            },
            "end": {
              "line": 132,
              "column": 85
            }
          }
        ],
        "line": 132
      },
      "9": {
        "loc": {
          "start": {
            "line": 144,
            "column": 7
          },
          "end": {
            "line": 191,
            "column": 7
          }
        },
        "type": "binary-expr",
        "locations": [
          {
            "start": {
              "line": 144,
              "column": 7
            },
            "end": {
              "line": 144,
              "column": 17
            }
          },
          {
            "start": {
              "line": 144,
              "column": 21
            },
            "end": {
              "line": 144,
              "column": 40
            }
          },
          {
            "start": {
              "line": 145,
              "column": 8
            },
            "end": {
              "line": 190,
              "column": 14
            }
          }
        ],
        "line": 144
      },
      "10": {
        "loc": {
          "start": {
            "line": 152,
            "column": 42
          },
          "end": {
            "line": 152,
            "column": 96
          }
        },
        "type": "cond-expr",
        "locations": [
          {
            "start": {
              "line": 152,
              "column": 68
            },
            "end": {
              "line": 152,
              "column": 80
            }
          },
          {
            "start": {
              "line": 152,
              "column": 83
            },
            "end": {
              "line": 152,
              "column": 96
            }
          }
        ],
        "line": 152
      },
      "11": {
        "loc": {
          "start": {
            "line": 153,
            "column": 17
          },
          "end": {
            "line": 153,
            "column": 91
          }
        },
        "type": "binary-expr",
        "locations": [
          {
            "start": {
              "line": 153,
              "column": 17
            },
            "end": {
              "line": 153,
              "column": 41
            }
          },
          {
            "start": {
              "line": 153,
              "column": 45
            },
            "end": {
              "line": 153,
              "column": 91
            }
          }
        ],
        "line": 153
      },
      "12": {
        "loc": {
          "start": {
            "line": 157,
            "column": 13
          },
          "end": {
            "line": 168,
            "column": 13
          }
        },
        "type": "binary-expr",
        "locations": [
          {
            "start": {
              "line": 157,
              "column": 13
            },
            "end": {
              "line": 157,
              "column": 22
            }
          },
          {
            "start": {
              "line": 158,
              "column": 14
            },
            "end": {
              "line": 167,
              "column": 20
            }
          }
        ],
        "line": 157
      }
    },
    "s": {
      "0": 3,
      "1": 2,
      "2": 2,
      "3": 2,
      "4": 2,
      "5": 2,
      "6": 2,
      "7": 2,
      "8": 2,
      "9": 0,
      "10": 0,
      "11": 2,
      "12": 2,
      "13": 1,
      "14": 2,
      "15": 0,
      "16": 0,
      "17": 0,
      "18": 0,
      "19": 0,
      "20": 0,
      "21": 2,
      "22": 0,
      "23": 0,
      "24": 2,
      "25": 0,
      "26": 2,
      "27": 0,
      "28": 0,
      "29": 0,
      "30": 0,
      "31": 0,
      "32": 2,
      "33": 0,
      "34": 0,
      "35": 0,
      "36": 0,
      "37": 0,
      "38": 0,
      "39": 0,
      "40": 0,
      "41": 2,
      "42": 0,
      "43": 0,
      "44": 0,
      "45": 0,
      "46": 0,
      "47": 0,
      "48": 0,
      "49": 0,
      "50": 0,
      "51": 0,
      "52": 0,
      "53": 0,
      "54": 0,
      "55": 0,
      "56": 2,
      "57": 0,
      "58": 0,
      "59": 0,
      "60": 0,
      "61": 2,
      "62": 0,
      "63": 0
    },
    "f": {
      "0": 2,
      "1": 2,
      "2": 0,
      "3": 1,
      "4": 0,
      "5": 0,
      "6": 0,
      "7": 0,
      "8": 0,
      "9": 0,
      "10": 0,
      "11": 0,
      "12": 0,
      "13": 0,
      "14": 0,
      "15": 0,
      "16": 0
    },
    "b": {
      "0": [
        0,
        0
      ],
      "1": [
        0,
        0
      ],
      "2": [
        0,
        0
      ],
      "3": [
        0,
        0
      ],
      "4": [
        0,
        0
      ],
      "5": [
        0,
        0
      ],
      "6": [
        0,
        0
      ],
      "7": [
        0,
        2
      ],
      "8": [
        0,
        2
      ],
      "9": [
        2,
        0,
        0
      ],
      "10": [
        0,
        0
      ],
      "11": [
        0,
        0
      ],
      "12": [
        0,
        0
      ]
    },
    "_coverageSchema": "1a1c01bbd47fc00a2c39e90264f33305004495a9",
    "hash": "17feb11a63fdd4c61e517be418e973369fea9b15"
  },
  "/home/ubuntu/Desktop/iPlant-frontend/src/Components/IPlantCard/IPlantCard.js": {
    "path": "/home/ubuntu/Desktop/iPlant-frontend/src/Components/IPlantCard/IPlantCard.js",
    "statementMap": {
      "0": {
        "start": {
          "line": 4,
          "column": 28
        },
        "end": {
          "line": 8,
          "column": 1
        }
      },
      "1": {
        "start": {
          "line": 5,
          "column": 16
        },
        "end": {
          "line": 5,
          "column": 31
        }
      },
      "2": {
        "start": {
          "line": 6,
          "column": 20
        },
        "end": {
          "line": 6,
          "column": 55
        }
      },
      "3": {
        "start": {
          "line": 7,
          "column": 2
        },
        "end": {
          "line": 7,
          "column": 66
        }
      },
      "4": {
        "start": {
          "line": 10,
          "column": 24
        },
        "end": {
          "line": 108,
          "column": 1
        }
      },
      "5": {
        "start": {
          "line": 11,
          "column": 30
        },
        "end": {
          "line": 11,
          "column": 42
        }
      },
      "6": {
        "start": {
          "line": 12,
          "column": 32
        },
        "end": {
          "line": 12,
          "column": 46
        }
      },
      "7": {
        "start": {
          "line": 13,
          "column": 28
        },
        "end": {
          "line": 13,
          "column": 42
        }
      },
      "8": {
        "start": {
          "line": 15,
          "column": 2
        },
        "end": {
          "line": 30,
          "column": 9
        }
      },
      "9": {
        "start": {
          "line": 16,
          "column": 24
        },
        "end": {
          "line": 27,
          "column": 5
        }
      },
      "10": {
        "start": {
          "line": 17,
          "column": 6
        },
        "end": {
          "line": 26,
          "column": 7
        }
      },
      "11": {
        "start": {
          "line": 18,
          "column": 25
        },
        "end": {
          "line": 18,
          "column": 114
        }
      },
      "12": {
        "start": {
          "line": 19,
          "column": 21
        },
        "end": {
          "line": 19,
          "column": 42
        }
      },
      "13": {
        "start": {
          "line": 20,
          "column": 22
        },
        "end": {
          "line": 20,
          "column": 49
        }
      },
      "14": {
        "start": {
          "line": 21,
          "column": 8
        },
        "end": {
          "line": 21,
          "column": 37
        }
      },
      "15": {
        "start": {
          "line": 22,
          "column": 8
        },
        "end": {
          "line": 22,
          "column": 26
        }
      },
      "16": {
        "start": {
          "line": 24,
          "column": 8
        },
        "end": {
          "line": 24,
          "column": 30
        }
      },
      "17": {
        "start": {
          "line": 25,
          "column": 8
        },
        "end": {
          "line": 25,
          "column": 26
        }
      },
      "18": {
        "start": {
          "line": 29,
          "column": 4
        },
        "end": {
          "line": 29,
          "column": 18
        }
      },
      "19": {
        "start": {
          "line": 32,
          "column": 2
        },
        "end": {
          "line": 39,
          "column": 4
        }
      },
      "20": {
        "start": {
          "line": 32,
          "column": 15
        },
        "end": {
          "line": 39,
          "column": 4
        }
      },
      "21": {
        "start": {
          "line": 41,
          "column": 2
        },
        "end": {
          "line": 49,
          "column": 4
        }
      },
      "22": {
        "start": {
          "line": 41,
          "column": 13
        },
        "end": {
          "line": 49,
          "column": 4
        }
      },
      "23": {
        "start": {
          "line": 51,
          "column": 2
        },
        "end": {
          "line": 107,
          "column": 4
        }
      },
      "24": {
        "start": {
          "line": 65,
          "column": 10
        },
        "end": {
          "line": 103,
          "column": 16
        }
      },
      "25": {
        "start": {
          "line": 85,
          "column": 18
        },
        "end": {
          "line": 90,
          "column": 25
        }
      }
    },
    "fnMap": {
      "0": {
        "name": "(anonymous_0)",
        "decl": {
          "start": {
            "line": 4,
            "column": 28
          },
          "end": {
            "line": 4,
            "column": 29
          }
        },
        "loc": {
          "start": {
            "line": 4,
            "column": 54
          },
          "end": {
            "line": 8,
            "column": 1
          }
        },
        "line": 4
      },
      "1": {
        "name": "(anonymous_1)",
        "decl": {
          "start": {
            "line": 10,
            "column": 24
          },
          "end": {
            "line": 10,
            "column": 25
          }
        },
        "loc": {
          "start": {
            "line": 10,
            "column": 30
          },
          "end": {
            "line": 108,
            "column": 1
          }
        },
        "line": 10
      },
      "2": {
        "name": "(anonymous_2)",
        "decl": {
          "start": {
            "line": 15,
            "column": 12
          },
          "end": {
            "line": 15,
            "column": 13
          }
        },
        "loc": {
          "start": {
            "line": 15,
            "column": 18
          },
          "end": {
            "line": 30,
            "column": 3
          }
        },
        "line": 15
      },
      "3": {
        "name": "(anonymous_3)",
        "decl": {
          "start": {
            "line": 16,
            "column": 24
          },
          "end": {
            "line": 16,
            "column": 25
          }
        },
        "loc": {
          "start": {
            "line": 16,
            "column": 36
          },
          "end": {
            "line": 27,
            "column": 5
          }
        },
        "line": 16
      },
      "4": {
        "name": "(anonymous_4)",
        "decl": {
          "start": {
            "line": 64,
            "column": 20
          },
          "end": {
            "line": 64,
            "column": 21
          }
        },
        "loc": {
          "start": {
            "line": 65,
            "column": 10
          },
          "end": {
            "line": 103,
            "column": 16
          }
        },
        "line": 65
      },
      "5": {
        "name": "(anonymous_5)",
        "decl": {
          "start": {
            "line": 84,
            "column": 32
          },
          "end": {
            "line": 84,
            "column": 33
          }
        },
        "loc": {
          "start": {
            "line": 85,
            "column": 18
          },
          "end": {
            "line": 90,
            "column": 25
          }
        },
        "line": 85
      }
    },
    "branchMap": {
      "0": {
        "loc": {
          "start": {
            "line": 4,
            "column": 35
          },
          "end": {
            "line": 4,
            "column": 49
          }
        },
        "type": "default-arg",
        "locations": [
          {
            "start": {
              "line": 4,
              "column": 47
            },
            "end": {
              "line": 4,
              "column": 49
            }
          }
        ],
        "line": 4
      },
      "1": {
        "loc": {
          "start": {
            "line": 7,
            "column": 9
          },
          "end": {
            "line": 7,
            "column": 65
          }
        },
        "type": "cond-expr",
        "locations": [
          {
            "start": {
              "line": 7,
              "column": 36
            },
            "end": {
              "line": 7,
              "column": 53
            }
          },
          {
            "start": {
              "line": 7,
              "column": 56
            },
            "end": {
              "line": 7,
              "column": 65
            }
          }
        ],
        "line": 7
      },
      "2": {
        "loc": {
          "start": {
            "line": 32,
            "column": 2
          },
          "end": {
            "line": 39,
            "column": 4
          }
        },
        "type": "if",
        "locations": [
          {
            "start": {
              "line": 32,
              "column": 2
            },
            "end": {
              "line": 39,
              "column": 4
            }
          },
          {
            "start": {
              "line": 32,
              "column": 2
            },
            "end": {
              "line": 39,
              "column": 4
            }
          }
        ],
        "line": 32
      },
      "3": {
        "loc": {
          "start": {
            "line": 41,
            "column": 2
          },
          "end": {
            "line": 49,
            "column": 4
          }
        },
        "type": "if",
        "locations": [
          {
            "start": {
              "line": 41,
              "column": 2
            },
            "end": {
              "line": 49,
              "column": 4
            }
          },
          {
            "start": {
              "line": 41,
              "column": 2
            },
            "end": {
              "line": 49,
              "column": 4
            }
          }
        ],
        "line": 41
      }
    },
    "s": {
      "0": 3,
      "1": 8,
      "2": 8,
      "3": 8,
      "4": 3,
      "5": 4,
      "6": 4,
      "7": 4,
      "8": 4,
      "9": 2,
      "10": 2,
      "11": 2,
      "12": 2,
      "13": 2,
      "14": 2,
      "15": 2,
      "16": 0,
      "17": 0,
      "18": 2,
      "19": 4,
      "20": 2,
      "21": 2,
      "22": 0,
      "23": 2,
      "24": 8,
      "25": 16
    },
    "f": {
      "0": 8,
      "1": 4,
      "2": 2,
      "3": 2,
      "4": 8,
      "5": 16
    },
    "b": {
      "0": [
        8
      ],
      "1": [
        8,
        0
      ],
      "2": [
        2,
        2
      ],
      "3": [
        0,
        2
      ]
    },
    "_coverageSchema": "1a1c01bbd47fc00a2c39e90264f33305004495a9",
    "hash": "71f3f9ec2c25720b0a0312e6b0dbb3622f8bf8c5"
  },
  "/home/ubuntu/Desktop/iPlant-frontend/src/Pages/HomePage/HomePage.js": {
    "path": "/home/ubuntu/Desktop/iPlant-frontend/src/Pages/HomePage/HomePage.js",
    "statementMap": {
      "0": {
        "start": {
          "line": 11,
          "column": 40
        },
        "end": {
          "line": 11,
          "column": 55
        }
      },
      "1": {
        "start": {
          "line": 12,
          "column": 48
        },
        "end": {
          "line": 12,
          "column": 63
        }
      },
      "2": {
        "start": {
          "line": 14,
          "column": 4
        },
        "end": {
          "line": 20,
          "column": 11
        }
      },
      "3": {
        "start": {
          "line": 15,
          "column": 29
        },
        "end": {
          "line": 17,
          "column": 9
        }
      },
      "4": {
        "start": {
          "line": 16,
          "column": 12
        },
        "end": {
          "line": 16,
          "column": 51
        }
      },
      "5": {
        "start": {
          "line": 18,
          "column": 8
        },
        "end": {
          "line": 18,
          "column": 56
        }
      },
      "6": {
        "start": {
          "line": 19,
          "column": 8
        },
        "end": {
          "line": 19,
          "column": 72
        }
      },
      "7": {
        "start": {
          "line": 19,
          "column": 21
        },
        "end": {
          "line": 19,
          "column": 71
        }
      },
      "8": {
        "start": {
          "line": 22,
          "column": 29
        },
        "end": {
          "line": 22,
          "column": 69
        }
      },
      "9": {
        "start": {
          "line": 22,
          "column": 35
        },
        "end": {
          "line": 22,
          "column": 69
        }
      },
      "10": {
        "start": {
          "line": 24,
          "column": 4
        },
        "end": {
          "line": 38,
          "column": 6
        }
      }
    },
    "fnMap": {
      "0": {
        "name": "HomePage",
        "decl": {
          "start": {
            "line": 10,
            "column": 9
          },
          "end": {
            "line": 10,
            "column": 17
          }
        },
        "loc": {
          "start": {
            "line": 10,
            "column": 20
          },
          "end": {
            "line": 39,
            "column": 1
          }
        },
        "line": 10
      },
      "1": {
        "name": "(anonymous_1)",
        "decl": {
          "start": {
            "line": 14,
            "column": 14
          },
          "end": {
            "line": 14,
            "column": 15
          }
        },
        "loc": {
          "start": {
            "line": 14,
            "column": 20
          },
          "end": {
            "line": 20,
            "column": 5
          }
        },
        "line": 14
      },
      "2": {
        "name": "(anonymous_2)",
        "decl": {
          "start": {
            "line": 15,
            "column": 29
          },
          "end": {
            "line": 15,
            "column": 30
          }
        },
        "loc": {
          "start": {
            "line": 15,
            "column": 35
          },
          "end": {
            "line": 17,
            "column": 9
          }
        },
        "line": 15
      },
      "3": {
        "name": "(anonymous_3)",
        "decl": {
          "start": {
            "line": 19,
            "column": 15
          },
          "end": {
            "line": 19,
            "column": 16
          }
        },
        "loc": {
          "start": {
            "line": 19,
            "column": 21
          },
          "end": {
            "line": 19,
            "column": 71
          }
        },
        "line": 19
      },
      "4": {
        "name": "(anonymous_4)",
[...]
              "column": 106
            }
          }
        ],
        "line": 245
      },
      "20": {
        "loc": {
          "start": {
            "line": 251,
            "column": 33
          },
          "end": {
            "line": 251,
            "column": 72
          }
        },
        "type": "binary-expr",
        "locations": [
          {
            "start": {
              "line": 251,
              "column": 33
            },
            "end": {
              "line": 251,
              "column": 57
            }
          },
          {
            "start": {
              "line": 251,
              "column": 61
            },
            "end": {
              "line": 251,
              "column": 72
            }
          }
        ],
        "line": 251
      },
      "21": {
        "loc": {
          "start": {
            "line": 251,
            "column": 75
          },
          "end": {
            "line": 251,
            "column": 104
          }
        },
        "type": "binary-expr",
        "locations": [
          {
            "start": {
              "line": 251,
              "column": 75
            },
            "end": {
              "line": 251,
              "column": 98
            }
          },
          {
            "start": {
              "line": 251,
              "column": 102
            },
            "end": {
              "line": 251,
              "column": 104
            }
          }
        ],
        "line": 251
      },
      "22": {
        "loc": {
          "start": {
            "line": 257,
            "column": 63
          },
          "end": {
            "line": 257,
            "column": 88
          }
        },
        "type": "binary-expr",
        "locations": [
          {
            "start": {
              "line": 257,
              "column": 63
            },
            "end": {
              "line": 257,
              "column": 82
            }
          },
          {
            "start": {
              "line": 257,
              "column": 86
            },
            "end": {
              "line": 257,
              "column": 88
            }
          }
        ],
        "line": 257
      }
    },
    "s": {
      "0": 3,
      "1": 0,
      "2": 0,
      "3": 0,
      "4": 0,
      "5": 0,
      "6": 0,
      "7": 0,
      "8": 0,
      "9": 0,
      "10": 0,
      "11": 0,
      "12": 0,
      "13": 0,
      "14": 0,
      "15": 0,
      "16": 0,
      "17": 0,
      "18": 0,
      "19": 0,
      "20": 0,
      "21": 0,
      "22": 0,
      "23": 0,
      "24": 3,
      "25": 0,
      "26": 0,
      "27": 0,
      "28": 3,
      "29": 2,
      "30": 2,
      "31": 2,
      "32": 2,
      "33": 2,
      "34": 2,
      "35": 2,
      "36": 2,
      "37": 2,
      "38": 2,
      "39": 2,
      "40": 2,
      "41": 2,
      "42": 0,
      "43": 0,
      "44": 0,
      "45": 0,
      "46": 0,
      "47": 0,
      "48": 0,
      "49": 2,
      "50": 2,
      "51": 0,
      "52": 0,
      "53": 2,
      "54": 2,
      "55": 0,
      "56": 0,
      "57": 0,
      "58": 0,
      "59": 0,
      "60": 0
    },
    "f": {
      "0": 0,
      "1": 0,
      "2": 0,
      "3": 0,
      "4": 0,
      "5": 0,
      "6": 2,
      "7": 2,
      "8": 2,
      "9": 2,
      "10": 0,
      "11": 0,
      "12": 0,
      "13": 0
    },
    "b": {
      "0": [
        0,
        0
      ],
      "1": [
        0,
        0
      ],
      "2": [
        0,
        0
      ],
      "3": [
        0,
        0
      ],
      "4": [
        0,
        0
      ],
      "5": [
        0,
        0
      ],
      "6": [
        0,
        0
      ],
      "7": [
        2,
        0
      ],
      "8": [
        0,
        0
      ],
      "9": [
        0,
        0
      ],
      "10": [
        0,
        0
      ],
      "11": [
        0,
        0
      ],
      "12": [
        0,
        0
      ],
      "13": [
        0,
        0
      ],
      "14": [
        0,
        0
      ],
      "15": [
        0,
        0
      ],
      "16": [
        0,
        0
      ],
      "17": [
        0,
        0
      ],
      "18": [
        0,
        0
      ],
      "19": [
        0,
        0
      ],
      "20": [
        0,
        0
      ],
      "21": [
        0,
        0
      ],
      "22": [
        0,
        0
      ]
    },
    "_coverageSchema": "1a1c01bbd47fc00a2c39e90264f33305004495a9",
    "hash": "de7de98601c84799fb5fdd6226bec0fb4d213825"
  },
  "/home/ubuntu/Desktop/iPlant-frontend/src/Pages/LoginPage/LoginPage.js": {
    "path": "/home/ubuntu/Desktop/iPlant-frontend/src/Pages/LoginPage/LoginPage.js",
    "statementMap": {
      "0": {
        "start": {
          "line": 4,
          "column": 18
        },
        "end": {
          "line": 215,
          "column": 1
        }
      },
      "1": {
        "start": {
          "line": 5,
          "column": 28
        },
        "end": {
          "line": 5,
          "column": 40
        }
      },
      "2": {
        "start": {
          "line": 6,
          "column": 34
        },
        "end": {
          "line": 6,
          "column": 46
        }
      },
      "3": {
        "start": {
          "line": 7,
          "column": 28
        },
        "end": {
          "line": 7,
          "column": 40
        }
      },
      "4": {
        "start": {
          "line": 8,
          "column": 36
        },
        "end": {
          "line": 8,
          "column": 51
        }
      },
      "5": {
        "start": {
          "line": 9,
          "column": 19
        },
        "end": {
          "line": 9,
          "column": 32
        }
      },
      "6": {
        "start": {
          "line": 10,
          "column": 19
        },
        "end": {
          "line": 10,
          "column": 32
        }
      },
      "7": {
        "start": {
          "line": 11,
          "column": 15
        },
        "end": {
          "line": 11,
          "column": 42
        }
      },
      "8": {
        "start": {
          "line": 14,
          "column": 2
        },
        "end": {
          "line": 19,
          "column": 23
        }
      },
      "9": {
        "start": {
          "line": 15,
          "column": 17
        },
        "end": {
          "line": 15,
          "column": 45
        }
      },
      "10": {
        "start": {
          "line": 16,
          "column": 4
        },
        "end": {
          "line": 18,
          "column": 5
        }
      },
      "11": {
        "start": {
          "line": 17,
          "column": 6
        },
        "end": {
          "line": 17,
          "column": 40
        }
      },
      "12": {
        "start": {
          "line": 21,
          "column": 23
        },
        "end": {
          "line": 62,
          "column": 1
        }
      },
      "13": {
        "start": {
          "line": 22,
          "column": 4
        },
        "end": {
          "line": 22,
          "column": 23
        }
      },
      "14": {
        "start": {
          "line": 23,
          "column": 4
        },
        "end": {
          "line": 23,
          "column": 17
        }
      },
      "15": {
        "start": {
          "line": 24,
          "column": 4
        },
        "end": {
          "line": 24,
          "column": 23
        }
      },
      "16": {
        "start": {
          "line": 26,
          "column": 4
        },
        "end": {
          "line": 61,
          "column": 5
        }
      },
      "17": {
        "start": {
          "line": 27,
          "column": 23
        },
        "end": {
          "line": 38,
          "column": 8
        }
      },
      "18": {
        "start": {
          "line": 40,
          "column": 19
        },
        "end": {
          "line": 40,
          "column": 40
        }
      },
      "19": {
        "start": {
          "line": 41,
          "column": 23
        },
        "end": {
          "line": 41,
          "column": 44
        }
      },
      "20": {
        "start": {
          "line": 43,
          "column": 6
        },
        "end": {
          "line": 45,
          "column": 7
        }
      },
      "21": {
        "start": {
          "line": 44,
          "column": 8
        },
        "end": {
          "line": 44,
          "column": 40
        }
      },
      "22": {
        "start": {
          "line": 48,
          "column": 6
        },
        "end": {
          "line": 53,
          "column": 10
        }
      },
      "23": {
        "start": {
          "line": 56,
          "column": 6
        },
        "end": {
          "line": 56,
          "column": 40
        }
      },
      "24": {
        "start": {
          "line": 58,
          "column": 6
        },
        "end": {
          "line": 58,
          "column": 44
        }
      },
      "25": {
        "start": {
          "line": 60,
          "column": 6
        },
        "end": {
          "line": 60,
          "column": 26
        }
      },
      "26": {
        "start": {
          "line": 64,
          "column": 2
        },
        "end": {
          "line": 214,
          "column": 4
        }
      },
      "27": {
        "start": {
          "line": 114,
          "column": 33
        },
        "end": {
          "line": 114,
          "column": 57
        }
      },
      "28": {
        "start": {
          "line": 131,
          "column": 33
        },
        "end": {
          "line": 131,
          "column": 60
        }
      }
    },
    "fnMap": {
      "0": {
        "name": "(anonymous_0)",
        "decl": {
          "start": {
            "line": 4,
            "column": 18
          },
          "end": {
            "line": 4,
            "column": 19
          }
        },
        "loc": {
          "start": {
            "line": 4,
            "column": 24
          },
          "end": {
            "line": 215,
            "column": 1
          }
        },
        "line": 4
      },
      "1": {
        "name": "(anonymous_1)",
        "decl": {
          "start": {
            "line": 14,
            "column": 12
          },
          "end": {
            "line": 14,
            "column": 13
          }
        },
        "loc": {
          "start": {
            "line": 14,
            "column": 18
          },
          "end": {
            "line": 19,
            "column": 3
          }
        },
        "line": 14
      },
      "2": {
        "name": "(anonymous_2)",
        "decl": {
          "start": {
            "line": 21,
            "column": 23
          },
          "end": {
            "line": 21,
            "column": 24
          }
        },
        "loc": {
          "start": {
            "line": 21,
            "column": 36
          },
          "end": {
            "line": 62,
            "column": 1
          }
        },
        "line": 21
      },
      "3": {
        "name": "(anonymous_3)",
        "decl": {
          "start": {
            "line": 114,
            "column": 26
          },
          "end": {
            "line": 114,
            "column": 27
          }
        },
        "loc": {
          "start": {
            "line": 114,
            "column": 33
          },
          "end": {
            "line": 114,
            "column": 57
          }
        },
        "line": 114
      },
      "4": {
        "name": "(anonymous_4)",
        "decl": {
          "start": {
            "line": 131,
            "column": 26
          },
          "end": {
            "line": 131,
            "column": 27
          }
        },
        "loc": {
          "start": {
            "line": 131,
            "column": 33
          },
          "end": {
            "line": 131,
            "column": 60
          }
        },
        "line": 131
      }
    },
    "branchMap": {
      "0": {
        "loc": {
          "start": {
            "line": 11,
            "column": 15
          },
          "end": {
            "line": 11,
            "column": 42
          }
        },
        "type": "binary-expr",
        "locations": [
          {
            "start": {
              "line": 11,
              "column": 15
            },
            "end": {
              "line": 11,
              "column": 35
            }
          },
          {
            "start": {
              "line": 11,
              "column": 39
            },
            "end": {
              "line": 11,
              "column": 42
            }
          }
        ],
        "line": 11
      },
      "1": {
        "loc": {
          "start": {
            "line": 16,
            "column": 4
          },
          "end": {
            "line": 18,
            "column": 5
          }
        },
        "type": "if",
        "locations": [
          {
            "start": {
              "line": 16,
              "column": 4
            },
            "end": {
              "line": 18,
              "column": 5
            }
          },
          {
            "start": {
              "line": 16,
              "column": 4
            },
            "end": {
              "line": 18,
              "column": 5
            }
          }
        ],
        "line": 16
      },
      "2": {
        "loc": {
          "start": {
            "line": 43,
            "column": 6
          },
          "end": {
            "line": 45,
            "column": 7
          }
        },
        "type": "if",
        "locations": [
          {
            "start": {
              "line": 43,
              "column": 6
            },
            "end": {
              "line": 45,
              "column": 7
            }
          },
          {
            "start": {
              "line": 43,
              "column": 6
            },
            "end": {
              "line": 45,
              "column": 7
            }
          }
        ],
        "line": 43
      },
      "3": {
        "loc": {
          "start": {
            "line": 94,
            "column": 11
          },
          "end": {
            "line": 98,
            "column": 11
          }
        },
        "type": "binary-expr",
        "locations": [
          {
            "start": {
              "line": 94,
              "column": 11
            },
            "end": {
              "line": 94,
              "column": 16
            }
          },
          {
            "start": {
              "line": 95,
              "column": 12
            },
            "end": {
              "line": 97,
              "column": 18
            }
          }
        ],
        "line": 94
      },
      "4": {
        "loc": {
          "start": {
            "line": 163,
            "column": 15
          },
          "end": {
            "line": 176,
            "column": 15
          }
        },
        "type": "cond-expr",
        "locations": [
          {
            "start": {
              "line": 164,
              "column": 16
            },
            "end": {
              "line": 169,
              "column": 23
            }
          },
          {
            "start": {
              "line": 171,
              "column": 16
            },
            "end": {
              "line": 175,
              "column": 23
            }
          }
        ],
        "line": 163
      },
      "5": {
        "loc": {
          "start": {
            "line": 177,
            "column": 15
          },
          "end": {
            "line": 177,
            "column": 58
          }
        },
        "type": "cond-expr",
        "locations": [
          {
            "start": {
              "line": 177,
              "column": 27
            },
            "end": {
              "line": 177,
              "column": 41
            }
          },
          {
            "start": {
              "line": 177,
              "column": 44
            },
            "end": {
              "line": 177,
              "column": 58
            }
          }
        ],
        "line": 177
      }
    },
    "s": {
      "0": 3,
      "1": 0,
      "2": 0,
      "3": 0,
      "4": 0,
      "5": 0,
      "6": 0,
      "7": 0,
      "8": 0,
      "9": 0,
      "10": 0,
      "11": 0,
      "12": 0,
      "13": 0,
      "14": 0,
      "15": 0,
      "16": 0,
      "17": 0,
      "18": 0,
      "19": 0,
      "20": 0,
      "21": 0,
      "22": 0,
      "23": 0,
      "24": 0,
      "25": 0,
      "26": 0,
      "27": 0,
      "28": 0
    },
    "f": {
      "0": 0,
      "1": 0,
      "2": 0,
      "3": 0,
      "4": 0
    },
    "b": {
      "0": [
        0,
        0
      ],
      "1": [
        0,
        0
      ],
      "2": [
        0,
        0
      ],
      "3": [
        0,
        0
      ],
      "4": [
        0,
        0
      ],
      "5": [
        0,
        0
      ]
    },
    "_coverageSchema": "1a1c01bbd47fc00a2c39e90264f33305004495a9",
    "hash": "7281d035c198eb6f8de6f5722e87c098d4a84488"
  },
  "/home/ubuntu/Desktop/iPlant-frontend/src/App.js": {
    "path": "/home/ubuntu/Desktop/iPlant-frontend/src/App.js",
    "statementMap": {
      "0": {
        "start": {
          "line": 13,
          "column": 2
        },
        "end": {
          "line": 17,
          "column": 9
        }
      },
      "1": {
        "start": {
          "line": 14,
          "column": 8
        },
        "end": {
          "line": 14,
          "column": 27
        }
      },
      "2": {
        "start": {
          "line": 15,
          "column": 8
        },
        "end": {
          "line": 15,
          "column": 38
        }
      },
      "3": {
        "start": {
          "line": 16,
          "column": 8
        },
        "end": {
          "line": 16,
          "column": 33
        }
      },
      "4": {
        "start": {
          "line": 19,
          "column": 2
        },
        "end": {
          "line": 31,
          "column": 4
        }
      }
    },
    "fnMap": {
      "0": {
        "name": "App",
        "decl": {
          "start": {
            "line": 11,
            "column": 9
          },
          "end": {
            "line": 11,
            "column": 12
          }
        },
        "loc": {
          "start": {
            "line": 11,
            "column": 15
          },
          "end": {
            "line": 32,
            "column": 1
          }
        },
        "line": 11
      },
      "1": {
        "name": "(anonymous_1)",
        "decl": {
          "start": {
            "line": 13,
            "column": 12
          },
          "end": {
            "line": 13,
            "column": 13
          }
        },
        "loc": {
          "start": {
            "line": 13,
            "column": 18
          },
          "end": {
            "line": 17,
            "column": 3
          }
        },
        "line": 13
      }
    },
    "branchMap": {},
    "s": {
      "0": 7,
      "1": 6,
      "2": 6,
      "3": 6,
      "4": 6
    },
    "f": {
      "0": 7,
      "1": 6
    },
    "b": {},
    "_coverageSchema": "1a1c01bbd47fc00a2c39e90264f33305004495a9",
    "hash": "d3c854f4be3a3e52b78009264334e128a6e70198"
  },
  "/home/ubuntu/Desktop/iPlant-frontend/src/index.js": {
    "path": "/home/ubuntu/Desktop/iPlant-frontend/src/index.js",
    "statementMap": {
      "0": {
        "start": {
          "line": 6,
          "column": 13
        },
        "end": {
          "line": 6,
          "column": 65
        }
      },
      "1": {
        "start": {
          "line": 7,
          "column": 0
        },
        "end": {
          "line": 11,
          "column": 2
        }
      }
    },
    "fnMap": {},
    "branchMap": {},
    "s": {
      "0": 3,
      "1": 3
    },
    "f": {},
    "b": {},
    "_coverageSchema": "1a1c01bbd47fc00a2c39e90264f33305004495a9",
    "hash": "bb430dc2126cb08496ec64a1ed09d013b0f5d3b0"
  }
}