{
  "/home/ubuntu/Desktop/iPlant-frontend/src/Utils/Utils.js": {
    "path": "/home/ubuntu/Desktop/iPlant-frontend/src/Utils/Utils.js",
    "statementMap": {
      "0": {
        "start": {
          "line": 16,
          "column": 32
        },
        "end": {
          "line": 20,
          "column": 1
        }
      },
      "1": {
        "start": {
          "line": 17,
          "column": 4
        },
        "end": {
          "line": 17,
          "column": 29
        }
      },
      "2": {
        "start": {
          "line": 18,
          "column": 4
        },
        "end": {
          "line": 18,
          "column": 27
        }
      },
      "3": {
        "start": {
          "line": 19,
          "column": 4
        },
        "end": {
          "line": 19,
          "column": 19
        }
      },
      "4": {
        "start": {
          "line": 23,
          "column": 43
        },
        "end": {
          "line": 45,
          "column": 1
        }
      },
      "5": {
        "start": {
          "line": 24,
          "column": 4
        },
        "end": {
          "line": 44,
          "column": 7
        }
      },
      "6": {
        "start": {
          "line": 48,
          "column": 38
        },
        "end": {
          "line": 69,
          "column": 1
        }
      },
      "7": {
        "start": {
          "line": 49,
          "column": 15
        },
        "end": {
          "line": 53,
          "column": 6
        }
      },
      "8": {
        "start": {
          "line": 55,
          "column": 4
        },
        "end": {
          "line": 58,
          "column": 7
        }
      },
      "9": {
        "start": {
          "line": 60,
          "column": 4
        },
        "end": {
          "line": 63,
          "column": 7
        }
      },
      "10": {
        "start": {
          "line": 65,
          "column": 4
        },
        "end": {
          "line": 68,
          "column": 7
        }
      }
    },
    "fnMap": {
      "0": {
        "name": "(anonymous_0)",
        "decl": {
          "start": {
            "line": 16,
            "column": 32
          },
          "end": {
            "line": 16,
            "column": 33
          }
        },
        "loc": {
          "start": {
            "line": 16,
            "column": 38
          },
          "end": {
            "line": 20,
            "column": 1
          }
        },
        "line": 16
      },
      "1": {
        "name": "(anonymous_1)",
        "decl": {
          "start": {
            "line": 23,
            "column": 43
          },
          "end": {
            "line": 23,
            "column": 44
          }
        },
        "loc": {
          "start": {
            "line": 23,
            "column": 49
          },
          "end": {
            "line": 45,
            "column": 1
          }
        },
        "line": 23
      },
      "2": {
        "name": "(anonymous_2)",
        "decl": {
          "start": {
            "line": 48,
            "column": 38
          },
          "end": {
            "line": 48,
            "column": 39
          }
        },
        "loc": {
          "start": {
            "line": 48,
            "column": 44
          },
          "end": {
            "line": 69,
            "column": 1
          }
        },
        "line": 48
      }
    },
    "branchMap": {},
    "s": {
      "0": 7,
      "1": 14,
      "2": 14,
      "3": 14,
      "4": 7,
      "5": 14,
      "6": 7,
      "7": 14,
      "8": 14,
      "9": 14,
      "10": 14
    },
    "f": {
      "0": 14,
      "1": 14,
      "2": 14
    },
    "b": {},
    "_coverageSchema": "1a1c01bbd47fc00a2c39e90264f33305004495a9",
    "hash": "a133c62f6e10b5d7167c06a916d7694f47cf570c"
  },
  "/home/ubuntu/Desktop/iPlant-frontend/src/Components/NavBar/NavBar.js": {
    "path": "/home/ubuntu/Desktop/iPlant-frontend/src/Components/NavBar/NavBar.js",
    "statementMap": {
      "0": {
        "start": {
          "line": 6,
          "column": 46
        },
        "end": {
          "line": 6,
          "column": 61
        }
      },
      "1": {
        "start": {
          "line": 7,
          "column": 38
        },
        "end": {
          "line": 7,
          "column": 53
        }
      },
      "2": {
        "start": {
          "line": 8,
          "column": 19
        },
        "end": {
          "line": 8,
          "column": 32
        }
      },
      "3": {
        "start": {
          "line": 10,
          "column": 2
        },
        "end": {
          "line": 22,
          "column": 9
        }
      },
      "4": {
        "start": {
          "line": 12,
          "column": 21
        },
        "end": {
          "line": 12,
          "column": 53
        }
      },
      "5": {
        "start": {
          "line": 13,
          "column": 4
        },
        "end": {
          "line": 13,
          "column": 30
        }
      },
      "6": {
        "start": {
          "line": 15,
          "column": 25
        },
        "end": {
          "line": 19,
          "column": 5
        }
      },
      "7": {
        "start": {
          "line": 16,
          "column": 6
        },
        "end": {
          "line": 18,
          "column": 7
        }
      },
      "8": {
        "start": {
          "line": 17,
          "column": 8
        },
        "end": {
          "line": 17,
          "column": 33
        }
      },
      "9": {
        "start": {
          "line": 20,
          "column": 4
        },
        "end": {
          "line": 20,
          "column": 52
        }
      },
      "10": {
        "start": {
          "line": 21,
          "column": 4
        },
        "end": {
          "line": 21,
          "column": 68
        }
      },
      "11": {
        "start": {
          "line": 21,
          "column": 17
        },
        "end": {
          "line": 21,
          "column": 67
        }
      },
      "12": {
        "start": {
          "line": 24,
          "column": 27
        },
        "end": {
          "line": 26,
          "column": 3
        }
      },
      "13": {
        "start": {
          "line": 25,
          "column": 4
        },
        "end": {
          "line": 25,
          "column": 39
        }
      },
      "14": {
        "start": {
          "line": 28,
          "column": 30
        },
        "end": {
          "line": 31,
          "column": 3
        }
      },
      "15": {
        "start": {
          "line": 30,
          "column": 4
        },
        "end": {
          "line": 30,
          "column": 23
        }
      },
      "16": {
        "start": {
          "line": 33,
          "column": 23
        },
        "end": {
          "line": 37,
          "column": 3
        }
      },
      "17": {
        "start": {
          "line": 34,
          "column": 4
        },
        "end": {
          "line": 34,
          "column": 40
        }
      },
      "18": {
        "start": {
          "line": 35,
          "column": 4
        },
        "end": {
          "line": 35,
          "column": 25
        }
      },
      "19": {
        "start": {
          "line": 36,
          "column": 4
        },
        "end": {
          "line": 36,
          "column": 29
        }
      },
      "20": {
        "start": {
          "line": 39,
          "column": 2
        },
        "end": {
          "line": 104,
          "column": 4
        }
      }
    },
    "fnMap": {
      "0": {
        "name": "NavBar",
        "decl": {
          "start": {
            "line": 5,
            "column": 9
          },
          "end": {
            "line": 5,
            "column": 15
          }
        },
        "loc": {
          "start": {
            "line": 5,
            "column": 32
          },
          "end": {
            "line": 105,
            "column": 1
          }
        },
        "line": 5
      },
      "1": {
        "name": "(anonymous_1)",
        "decl": {
          "start": {
            "line": 10,
            "column": 12
          },
          "end": {
            "line": 10,
            "column": 13
          }
        },
        "loc": {
          "start": {
            "line": 10,
            "column": 18
          },
          "end": {
            "line": 22,
            "column": 3
          }
        },
        "line": 10
      },
      "2": {
        "name": "(anonymous_2)",
        "decl": {
          "start": {
            "line": 15,
            "column": 25
          },
          "end": {
            "line": 15,
            "column": 26
          }
        },
        "loc": {
          "start": {
            "line": 15,
            "column": 31
          },
          "end": {
            "line": 19,
            "column": 5
          }
        },
        "line": 15
      },
      "3": {
        "name": "(anonymous_3)",
        "decl": {
          "start": {
            "line": 21,
            "column": 11
          },
          "end": {
            "line": 21,
            "column": 12
          }
        },
        "loc": {
          "start": {
            "line": 21,
            "column": 17
          },
          "end": {
            "line": 21,
            "column": 67
          }
        },
        "line": 21
      },
      "4": {
        "name": "(anonymous_4)",
        "decl": {
          "start": {
            "line": 24,
            "column": 27
          },
          "end": {
            "line": 24,
            "column": 28
          }
        },
        "loc": {
          "start": {
            "line": 24,
            "column": 33
          },
          "end": {
            "line": 26,
            "column": 3
          }
        },
        "line": 24
      },
      "5": {
        "name": "(anonymous_5)",
        "decl": {
          "start": {
            "line": 28,
            "column": 30
          },
          "end": {
            "line": 28,
            "column": 31
          }
        },
        "loc": {
          "start": {
            "line": 28,
            "column": 36
          },
          "end": {
            "line": 31,
            "column": 3
          }
        },
        "line": 28
      },
      "6": {
        "name": "(anonymous_6)",
        "decl": {
          "start": {
            "line": 33,
            "column": 23
          },
          "end": {
            "line": 33,
            "column": 24
          }
        },
        "loc": {
          "start": {
            "line": 33,
            "column": 29
          },
          "end": {
            "line": 37,
            "column": 3
          }
        },
        "line": 33
      }
    },
    "branchMap": {
      "0": {
        "loc": {
          "start": {
            "line": 16,
            "column": 6
          },
          "end": {
            "line": 18,
            "column": 7
          }
        },
        "type": "if",
        "locations": [
          {
            "start": {
              "line": 16,
              "column": 6
            },
            "end": {
              "line": 18,
              "column": 7
            }
          },
          {
            "start": {
              "line": 16,
              "column": 6
            },
            "end": {
              "line": 18,
              "column": 7
            }
          }
        ],
        "line": 16
      },
      "1": {
        "loc": {
          "start": {
            "line": 42,
            "column": 8
          },
          "end": {
            "line": 42,
            "column": 37
          }
        },
        "type": "cond-expr",
        "locations": [
          {
            "start": {
              "line": 42,
              "column": 21
            },
            "end": {
              "line": 42,
              "column": 32
            }
          },
          {
            "start": {
              "line": 42,
              "column": 35
            },
            "end": {
              "line": 42,
              "column": 37
            }
          }
        ],
        "line": 42
      },
      "2": {
        "loc": {
          "start": {
            "line": 66,
            "column": 13
          },
          "end": {
            "line": 74,
            "column": 13
          }
        },
        "type": "cond-expr",
        "locations": [
          {
            "start": {
              "line": 67,
              "column": 14
            },
            "end": {
              "line": 69,
              "column": 23
            }
          },
          {
            "start": {
              "line": 71,
              "column": 14
            },
            "end": {
              "line": 73,
              "column": 23
            }
          }
        ],
        "line": 66
      },
      "3": {
        "loc": {
          "start": {
            "line": 81,
            "column": 24
          },
          "end": {
            "line": 81,
            "column": 67
          }
        },
        "type": "cond-expr",
        "locations": [
          {
            "start": {
              "line": 81,
              "column": 41
            },
            "end": {
              "line": 81,
              "column": 53
            }
          },
          {
            "start": {
              "line": 81,
              "column": 56
            },
            "end": {
              "line": 81,
              "column": 67
            }
          }
        ],
        "line": 81
      },
      "4": {
        "loc": {
          "start": {
            "line": 83,
            "column": 13
          },
          "end": {
            "line": 83,
            "column": 66
          }
        },
        "type": "cond-expr",
        "locations": [
          {
            "start": {
              "line": 83,
              "column": 30
            },
            "end": {
              "line": 83,
              "column": 45
            }
          },
          {
            "start": {
              "line": 83,
              "column": 48
            },
            "end": {
              "line": 83,
              "column": 66
            }
          }
        ],
        "line": 83
      },
      "5": {
        "loc": {
          "start": {
            "line": 88,
            "column": 47
          },
          "end": {
            "line": 88,
            "column": 82
          }
        },
        "type": "cond-expr",
        "locations": [
          {
            "start": {
              "line": 88,
              "column": 64
            },
            "end": {
              "line": 88,
              "column": 71
            }
          },
          {
            "start": {
              "line": 88,
              "column": 74
            },
            "end": {
              "line": 88,
              "column": 82
            }
          }
        ],
        "line": 88
      },
      "6": {
        "loc": {
          "start": {
            "line": 92,
            "column": 11
          },
          "end": {
            "line": 100,
            "column": 11
          }
        },
        "type": "cond-expr",
        "locations": [
          {
            "start": {
              "line": 93,
              "column": 12
            },
            "end": {
              "line": 95,
              "column": 21
            }
          },
          {
            "start": {
              "line": 97,
              "column": 12
            },
            "end": {
              "line": 99,
              "column": 21
            }
          }
        ],
        "line": 92
      }
    },
    "s": {
      "0": 134,
      "1": 134,
      "2": 134,
      "3": 134,
      "4": 14,
      "5": 14,
      "6": 14,
      "7": 0,
      "8": 0,
      "9": 14,
      "10": 14,
      "11": 8,
      "12": 134,
      "13": 0,
      "14": 134,
      "15": 0,
      "16": 134,
      "17": 0,
      "18": 0,
      "19": 0,
      "20": 134
    },
    "f": {
      "0": 134,
      "1": 14,
      "2": 0,
      "3": 8,
      "4": 0,
      "5": 0,
      "6": 0
    },
    "b": {
      "0": [
        0,
        0
      ],
      "1": [
        0,
        134
      ],
      "2": [
        0,
        134
      ],
      "3": [
        0,
        134
      ],
      "4": [
        0,
        134
      ],
      "5": [
        0,
        134
      ],
      "6": [
        0,
        134
      ]
    },
    "_coverageSchema": "1a1c01bbd47fc00a2c39e90264f33305004495a9",
    "hash": "f7df5fd398fdd901594529a6f9fd3382737855c9"
  },
  "/home/ubuntu/Desktop/iPlant-frontend/src/Components/HeroSection/HeroSection.js": {
    "path": "/home/ubuntu/Desktop/iPlant-frontend/src/Components/HeroSection/HeroSection.js",
    "statementMap": {
      "0": {
        "start": {
          "line": 4,
          "column": 2
        },
        "end": {
          "line": 33,
          "column": 4
        }
      }
    },
    "fnMap": {
      "0": {
        "name": "HeroSection",
        "decl": {
          "start": {
            "line": 3,
            "column": 9
          },
          "end": {
            "line": 3,
            "column": 20
          }
        },
        "loc": {
          "start": {
            "line": 3,
            "column": 23
          },
          "end": {
            "line": 34,
            "column": 1
          }
        },
        "line": 3
      }
    },
    "branchMap": {},
    "s": {
      "0": 2
    },
    "f": {
      "0": 2
    },
    "b": {},
    "_coverageSchema": "1a1c01bbd47fc00a2c39e90264f33305004495a9",
    "hash": "7cdd87583ee42e1e0735c80f5434639bcd932d70"
  },
  "/home/ubuntu/Desktop/iPlant-frontend/src/Components/Features/Features.js": {
    "path": "/home/ubuntu/Desktop/iPlant-frontend/src/Components/Features/Features.js",
    "statementMap": {
      "0": {
        "start": {
          "line": 3,
          "column": 17
        },
        "end": {
          "line": 57,
          "column": 1
        }
      },
      "1": {
        "start": {
          "line": 4,
          "column": 23
        },
        "end": {
          "line": 23,
          "column": 3
        }
      },
      "2": {
        "start": {
          "line": 25,
          "column": 4
        },
        "end": {
          "line": 56,
          "column": 6
        }
      },
      "3": {
        "start": {
          "line": 40,
          "column": 18
        },
        "end": {
          "line": 51,
          "column": 24
        }
      }
    },
    "fnMap": {
      "0": {
        "name": "(anonymous_0)",
        "decl": {
          "start": {
            "line": 3,
            "column": 17
          },
          "end": {
            "line": 3,
            "column": 18
          }
        },
        "loc": {
          "start": {
            "line": 3,
            "column": 23
          },
          "end": {
            "line": 57,
            "column": 1
          }
        },
        "line": 3
      },
      "1": {
        "name": "(anonymous_1)",
        "decl": {
          "start": {
            "line": 39,
            "column": 34
          },
          "end": {
            "line": 39,
            "column": 35
          }
        },
        "loc": {
          "start": {
            "line": 40,
            "column": 18
          },
          "end": {
            "line": 51,
            "column": 24
          }
        },
        "line": 40
      }
    },
    "branchMap": {},
    "s": {
      "0": 7,
      "1": 4,
      "2": 4,
      "3": 12
    },
    "f": {
      "0": 4,
      "1": 12
    },
    "b": {},
    "_coverageSchema": "1a1c01bbd47fc00a2c39e90264f33305004495a9",
    "hash": "b382122725921569f63e6ec945d596cc475ae8e4"
  },
  "/home/ubuntu/Desktop/iPlant-frontend/src/Components/Facts/Facts.js": {
    "path": "/home/ubuntu/Desktop/iPlant-frontend/src/Components/Facts/Facts.js",
    "statementMap": {
      "0": {
        "start": {
          "line": 3,
          "column": 14
        },
        "end": {
          "line": 42,
          "column": 1
        }
      },
      "1": {
        "start": {
          "line": 4,
          "column": 4
        },
        "end": {
          "line": 41,
          "column": 6
        }
      }
    },
    "fnMap": {
      "0": {
        "name": "(anonymous_0)",
        "decl": {
          "start": {
            "line": 3,
            "column": 14
          },
          "end": {
            "line": 3,
            "column": 15
          }
        },
        "loc": {
          "start": {
            "line": 3,
            "column": 20
          },
          "end": {
            "line": 42,
            "column": 1
          }
        },
        "line": 3
      }
    },
    "branchMap": {},
    "s": {
      "0": 7,
      "1": 2
    },
    "f": {
      "0": 2
    },
    "b": {},
    "_coverageSchema": "1a1c01bbd47fc00a2c39e90264f33305004495a9",
    "hash": "0a760311d0ce3349fda273db3ba26212e877bbed"
  },
  "/home/ubuntu/Desktop/iPlant-frontend/src/Components/Footer/Footer.js": {
    "path": "/home/ubuntu/Desktop/iPlant-frontend/src/Components/Footer/Footer.js",
    "statementMap": {
      "0": {
        "start": {
          "line": 3,
          "column": 15
        },
        "end": {
          "line": 46,
          "column": 1
        }
      },
      "1": {
        "start": {
          "line": 4,
          "column": 4
        },
        "end": {
          "line": 45,
          "column": 6
        }
      }
    },
    "fnMap": {
      "0": {
        "name": "(anonymous_0)",
        "decl": {
          "start": {
            "line": 3,
            "column": 15
          },
          "end": {
            "line": 3,
            "column": 16
          }
        },
        "loc": {
          "start": {
            "line": 3,
            "column": 21
          },
          "end": {
            "line": 46,
            "column": 1
          }
        },
        "line": 3
      }
    },
    "branchMap": {},
    "s": {
      "0": 7,
      "1": 137
    },
    "f": {
      "0": 137
    },
    "b": {},
    "_coverageSchema": "1a1c01bbd47fc00a2c39e90264f33305004495a9",
    "hash": "208a17b6f3b6ce8b7d0208f87cd870fd0151d544"
  },
  "/home/ubuntu/Desktop/iPlant-frontend/src/Components/IPlantCard/IPlantCard.js": {
    "path": "/home/ubuntu/Desktop/iPlant-frontend/src/Components/IPlantCard/IPlantCard.js",
    "statementMap": {
      "0": {
        "start": {
          "line": 4,
          "column": 28
        },
        "end": {
          "line": 8,
          "column": 1
        }
      },
      "1": {
        "start": {
          "line": 5,
          "column": 16
        },
        "end": {
          "line": 5,
          "column": 31
        }
      },
      "2": {
        "start": {
          "line": 6,
          "column": 20
        },
        "end": {
          "line": 6,
          "column": 55
        }
      },
      "3": {
        "start": {
          "line": 7,
          "column": 2
        },
        "end": {
          "line": 7,
          "column": 66
        }
      },
      "4": {
        "start": {
          "line": 10,
          "column": 24
        },
        "end": {
          "line": 108,
          "column": 1
        }
      },
      "5": {
        "start": {
          "line": 11,
          "column": 30
        },
        "end": {
          "line": 11,
          "column": 42
        }
      },
      "6": {
        "start": {
          "line": 12,
          "column": 32
        },
        "end": {
          "line": 12,
          "column": 46
        }
      },
      "7": {
        "start": {
          "line": 13,
          "column": 28
        },
        "end": {
          "line": 13,
          "column": 42
        }
      },
      "8": {
        "start": {
          "line": 15,
          "column": 2
        },
        "end": {
          "line": 30,
          "column": 9
        }
      },
      "9": {
        "start": {
          "line": 16,
          "column": 24
        },
        "end": {
          "line": 27,
          "column": 5
        }
      },
      "10": {
        "start": {
          "line": 17,
          "column": 6
        },
        "end": {
          "line": 26,
          "column": 7
        }
      },
      "11": {
        "start": {
          "line": 18,
          "column": 25
        },
        "end": {
          "line": 18,
          "column": 114
        }
      },
      "12": {
        "start": {
          "line": 19,
          "column": 21
        },
        "end": {
          "line": 19,
          "column": 42
        }
      },
      "13": {
        "start": {
          "line": 20,
          "column": 22
        },
        "end": {
          "line": 20,
          "column": 49
        }
      },
      "14": {
        "start": {
          "line": 21,
          "column": 8
        },
        "end": {
          "line": 21,
          "column": 37
        }
      },
      "15": {
        "start": {
          "line": 22,
          "column": 8
        },
        "end": {
          "line": 22,
          "column": 26
        }
      },
      "16": {
        "start": {
          "line": 24,
          "column": 8
        },
        "end": {
          "line": 24,
          "column": 30
        }
      },
      "17": {
        "start": {
          "line": 25,
          "column": 8
        },
        "end": {
          "line": 25,
          "column": 26
        }
      },
      "18": {
        "start": {
          "line": 29,
          "column": 4
        },
        "end": {
          "line": 29,
          "column": 18
        }
      },
      "19": {
        "start": {
          "line": 32,
          "column": 2
        },
        "end": {
          "line": 39,
          "column": 4
        }
      },
      "20": {
        "start": {
          "line": 32,
          "column": 15
        },
        "end": {
          "line": 39,
          "column": 4
        }
      },
      "21": {
        "start": {
          "line": 41,
          "column": 2
        },
        "end": {
          "line": 49,
          "column": 4
        }
      },
      "22": {
        "start": {
          "line": 41,
          "column": 13
        },
        "end": {
          "line": 49,
          "column": 4
        }
      },
      "23": {
        "start": {
          "line": 51,
          "column": 2
        },
        "end": {
          "line": 107,
          "column": 4
        }
      },
      "24": {
        "start": {
          "line": 65,
          "column": 10
        },
        "end": {
          "line": 103,
          "column": 16
        }
      },
      "25": {
        "start": {
          "line": 85,
          "column": 18
        },
        "end": {
          "line": 90,
          "column": 25
        }
      }
    },
    "fnMap": {
      "0": {
        "name": "(anonymous_0)",
        "decl": {
          "start": {
            "line": 4,
            "column": 28
          },
          "end": {
            "line": 4,
            "column": 29
          }
        },
        "loc": {
          "start": {
            "line": 4,
            "column": 54
          },
          "end": {
            "line": 8,
            "column": 1
          }
        },
        "line": 4
      },
      "1": {
        "name": "(anonymous_1)",
        "decl": {
          "start": {
            "line": 10,
            "column": 24
          },
          "end": {
            "line": 10,
            "column": 25
          }
        },
        "loc": {
          "start": {
            "line": 10,
            "column": 30
          },
          "end": {
            "line": 108,
            "column": 1
          }
        },
        "line": 10
      },
      "2": {
        "name": "(anonymous_2)",
        "decl": {
          "start": {
            "line": 15,
            "column": 12
          },
          "end": {
            "line": 15,
            "column": 13
          }
        },
        "loc": {
          "start": {
            "line": 15,
            "column": 18
          },
          "end": {
            "line": 30,
            "column": 3
          }
        },
        "line": 15
      },
      "3": {
        "name": "(anonymous_3)",
        "decl": {
          "start": {
            "line": 16,
            "column": 24
          },
          "end": {
            "line": 16,
            "column": 25
          }
        },
        "loc": {
          "start": {
            "line": 16,
            "column": 36
          },
          "end": {
            "line": 27,
            "column": 5
          }
        },
        "line": 16
      },
      "4": {
        "name": "(anonymous_4)",
        "decl": {
          "start": {
            "line": 64,
            "column": 20
          },
          "end": {
            "line": 64,
            "column": 21
          }
        },
        "loc": {
          "start": {
            "line": 65,
            "column": 10
          },
          "end": {
            "line": 103,
            "column": 16
          }
        },
        "line": 65
      },
      "5": {
        "name": "(anonymous_5)",
        "decl": {
          "start": {
            "line": 84,
            "column": 32
          },
          "end": {
            "line": 84,
            "column": 33
          }
        },
        "loc": {
          "start": {
            "line": 85,
            "column": 18
          },
          "end": {
            "line": 90,
            "column": 25
          }
        },
        "line": 85
      }
    },
    "branchMap": {
      "0": {
        "loc": {
          "start": {
            "line": 4,
            "column": 35
          },
          "end": {
            "line": 4,
            "column": 49
          }
        },
        "type": "default-arg",
        "locations": [
          {
            "start": {
              "line": 4,
              "column": 47
            },
            "end": {
              "line": 4,
              "column": 49
            }
          }
        ],
        "line": 4
      },
      "1": {
        "loc": {
          "start": {
            "line": 7,
            "column": 9
          },
          "end": {
            "line": 7,
            "column": 65
          }
        },
        "type": "cond-expr",
        "locations": [
          {
            "start": {
              "line": 7,
              "column": 36
            },
            "end": {
              "line": 7,
              "column": 53
            }
          },
          {
            "start": {
              "line": 7,
              "column": 56
            },
            "end": {
              "line": 7,
              "column": 65
            }
          }
        ],
        "line": 7
      },
      "2": {
        "loc": {
          "start": {
            "line": 32,
            "column": 2
          },
          "end": {
            "line": 39,
            "column": 4
          }
        },
        "type": "if",
        "locations": [
          {
            "start": {
              "line": 32,
              "column": 2
            },
            "end": {
              "line": 39,
              "column": 4
            }
          },
          {
            "start": {
              "line": 32,
              "column": 2
            },
            "end": {
              "line": 39,
              "column": 4
            }
          }
        ],
        "line": 32
      },
      "3": {
        "loc": {
          "start": {
            "line": 41,
            "column": 2
          },
          "end": {
            "line": 49,
            "column": 4
          }
        },
        "type": "if",
        "locations": [
          {
            "start": {
              "line": 41,
              "column": 2
            },
            "end": {
              "line": 49,
              "column": 4
            }
          },
          {
            "start": {
              "line": 41,
              "column": 2
            },
            "end": {
              "line": 49,
              "column": 4
            }
          }
        ],
        "line": 41
      }
    },
    "s": {
      "0": 7,
      "1": 0,
      "2": 0,
      "3": 0,
      "4": 7,
      "5": 2,
      "6": 2,
      "7": 2,
      "8": 2,
      "9": 2,
      "10": 2,
      "11": 2,
      "12": 0,
      "13": 0,
      "14": 0,
      "15": 0,
      "16": 0,
      "17": 0,
      "18": 2,
      "19": 2,
      "20": 2,
      "21": 0,
      "22": 0,
      "23": 0,
      "24": 0,
      "25": 0
    },
    "f": {
      "0": 0,
      "1": 2,
      "2": 2,
      "3": 2,
      "4": 0,
      "5": 0
    },
    "b": {
      "0": [
        0
      ],
      "1": [
        0,
        0
      ],
      "2": [
        2,
        0
      ],
      "3": [
        0,
        0
      ]
    },
    "_coverageSchema": "1a1c01bbd47fc00a2c39e90264f33305004495a9",
    "hash": "71f3f9ec2c25720b0a0312e6b0dbb3622f8bf8c5"
  },
  "/home/ubuntu/Desktop/iPlant-frontend/src/Pages/HomePage/HomePage.js": {
    "path": "/home/ubuntu/Desktop/iPlant-frontend/src/Pages/HomePage/HomePage.js",
    "statementMap": {
      "0": {
        "start": {
          "line": 10,
          "column": 4
        },
        "end": {
          "line": 19,
          "column": 6
        }
      }
    },
    "fnMap": {
      "0": {
        "name": "HomePage",
        "decl": {
          "start": {
            "line": 9,
            "column": 9
          },
          "end": {
            "line": 9,
            "column": 17
          }
        },
        "loc": {
          "start": {
            "line": 9,
            "column": 20
          },
          "end": {
            "line": 20,
            "column": 1
          }
        },
        "line": 9
      }
    },
    "branchMap": {},
    "s": {
      "0": 3
    },
    "f": {
      "0": 3
    },
    "b": {},
    "_coverageSchema": "1a1c01bbd47fc00a2c39e90264f33305004495a9",
    "hash": "69ab6fdfaea64298604fba96b8b0f529da5b7ee0"
  },
  "/home/ubuntu/Desktop/iPlant-frontend/src/Pages/BlogPage/BlogPage.js": {
    "path": "/home/ubuntu/Desktop/iPlant-frontend/src/Pages/BlogPage/BlogPage.js",
    "statementMap": {
      "0": {
        "start": {
          "line": 7,
          "column": 17
        },
        "end": {
          "line": 209,
          "column": 1
        }
      },
      "1": {
        "start": {
          "line": 8,
          "column": 30
        },
        "end": {
          "line": 8,
          "column": 42
        }
      },
      "2": {
        "start": {
          "line": 9,
          "column": 46
        },
        "end": {
          "line": 9,
          "column": 58
        }
      },
      "3": {
        "start": {
          "line": 10,
          "column": 32
        },
        "end": {
          "line": 10,
          "column": 46
        }
      },
      "4": {
        "start": {
          "line": 11,
          "column": 28
        },
        "end": {
          "line": 11,
          "column": 42
        }
      },
      "5": {
        "start": {
          "line": 12,
          "column": 40
        },
        "end": {
          "line": 12,
          "column": 51
        }
      },
      "6": {
        "start": {
          "line": 13,
          "column": 38
        },
        "end": {
          "line": 13,
          "column": 50
        }
      },
      "7": {
        "start": {
          "line": 14,
          "column": 54
        },
        "end": {
          "line": 14,
          "column": 66
        }
      },
      "8": {
        "start": {
          "line": 16,
          "column": 24
        },
        "end": {
          "line": 16,
          "column": 25
        }
      },
      "9": {
        "start": {
          "line": 17,
          "column": 25
        },
        "end": {
          "line": 23,
          "column": 3
        }
      },
      "10": {
        "start": {
          "line": 25,
          "column": 2
        },
        "end": {
          "line": 41,
          "column": 9
        }
      },
      "11": {
        "start": {
          "line": 26,
          "column": 24
        },
        "end": {
          "line": 38,
          "column": 5
        }
      },
      "12": {
        "start": {
          "line": 27,
          "column": 6
        },
        "end": {
          "line": 37,
          "column": 7
        }
      },
      "13": {
        "start": {
          "line": 28,
          "column": 25
        },
        "end": {
          "line": 28,
          "column": 114
        }
      },
      "14": {
        "start": {
          "line": 29,
          "column": 21
        },
        "end": {
          "line": 29,
          "column": 42
        }
      },
      "15": {
        "start": {
          "line": 30,
          "column": 22
        },
        "end": {
          "line": 30,
          "column": 49
        }
      },
      "16": {
        "start": {
          "line": 31,
          "column": 8
        },
        "end": {
          "line": 31,
          "column": 25
        }
      },
      "17": {
        "start": {
          "line": 32,
          "column": 8
        },
        "end": {
          "line": 32,
          "column": 33
        }
      },
      "18": {
        "start": {
          "line": 33,
          "column": 8
        },
        "end": {
          "line": 33,
          "column": 26
        }
      },
      "19": {
        "start": {
          "line": 35,
          "column": 8
        },
        "end": {
          "line": 35,
          "column": 30
        }
      },
      "20": {
        "start": {
          "line": 36,
          "column": 8
        },
        "end": {
          "line": 36,
          "column": 26
        }
      },
      "21": {
        "start": {
          "line": 40,
          "column": 4
        },
        "end": {
          "line": 40,
          "column": 18
        }
      },
      "22": {
        "start": {
          "line": 44,
          "column": 2
        },
        "end": {
          "line": 65,
          "column": 47
        }
      },
      "23": {
        "start": {
          "line": 45,
          "column": 17
        },
        "end": {
          "line": 45,
          "column": 23
        }
      },
      "24": {
        "start": {
          "line": 48,
          "column": 4
        },
        "end": {
          "line": 52,
          "column": 5
        }
      },
      "25": {
        "start": {
          "line": 49,
          "column": 6
        },
        "end": {
          "line": 51,
          "column": 8
        }
      },
      "26": {
        "start": {
          "line": 50,
          "column": 8
        },
        "end": {
          "line": 50,
          "column": 67
        }
      },
      "27": {
        "start": {
          "line": 55,
          "column": 4
        },
        "end": {
          "line": 61,
          "column": 5
        }
      },
      "28": {
        "start": {
          "line": 56,
          "column": 6
        },
        "end": {
          "line": 60,
          "column": 8
        }
      },
      "29": {
        "start": {
          "line": 57,
          "column": 8
        },
        "end": {
          "line": 59,
          "column": 9
        }
      },
      "30": {
        "start": {
          "line": 58,
          "column": 10
        },
        "end": {
          "line": 58,
          "column": 45
        }
      },
      "31": {
        "start": {
          "line": 63,
          "column": 4
        },
        "end": {
          "line": 63,
          "column": 30
        }
      },
      "32": {
        "start": {
          "line": 64,
          "column": 4
        },
        "end": {
          "line": 64,
          "column": 22
        }
      },
      "33": {
        "start": {
          "line": 67,
          "column": 27
        },
        "end": {
          "line": 67,
          "column": 54
        }
      },
      "34": {
        "start": {
          "line": 68,
          "column": 28
        },
        "end": {
          "line": 68,
          "column": 60
        }
      },
      "35": {
        "start": {
          "line": 69,
          "column": 24
        },
        "end": {
          "line": 69,
          "column": 81
        }
      },
      "36": {
        "start": {
          "line": 70,
          "column": 21
        },
        "end": {
          "line": 70,
          "column": 69
        }
      },
      "37": {
        "start": {
          "line": 72,
          "column": 31
        },
        "end": {
          "line": 78,
          "column": 3
        }
      },
      "38": {
        "start": {
          "line": 73,
          "column": 4
        },
        "end": {
          "line": 77,
          "column": 6
        }
      },
      "39": {
        "start": {
          "line": 74,
          "column": 6
        },
        "end": {
          "line": 76,
          "column": 29
        }
      },
      "40": {
        "start": {
          "line": 75,
          "column": 27
        },
        "end": {
          "line": 75,
          "column": 41
        }
      },
      "41": {
        "start": {
          "line": 80,
          "column": 2
        },
        "end": {
          "line": 84,
          "column": 4
        }
      },
      "42": {
        "start": {
          "line": 80,
          "column": 15
        },
        "end": {
          "line": 84,
          "column": 4
        }
      },
      "43": {
        "start": {
          "line": 86,
          "column": 2
        },
        "end": {
          "line": 90,
          "column": 4
        }
      },
      "44": {
        "start": {
          "line": 86,
          "column": 13
        },
        "end": {
          "line": 90,
          "column": 4
        }
      },
      "45": {
        "start": {
          "line": 92,
          "column": 2
        },
        "end": {
          "line": 208,
          "column": 2
        }
      },
      "46": {
        "start": {
          "line": 105,
          "column": 33
        },
        "end": {
          "line": 105,
          "column": 62
        }
      },
      "47": {
        "start": {
          "line": 117,
          "column": 14
        },
        "end": {
          "line": 126,
          "column": 20
        }
      },
      "48": {
        "start": {
          "line": 122,
          "column": 34
        },
        "end": {
          "line": 122,
          "column": 64
        }
      },
      "49": {
        "start": {
          "line": 135,
          "column": 14
        },
        "end": {
          "line": 167,
          "column": 20
        }
      },
      "50": {
        "start": {
          "line": 149,
          "column": 22
        },
        "end": {
          "line": 154,
          "column": 29
        }
      },
      "51": {
        "start": {
          "line": 174,
          "column": 29
        },
        "end": {
          "line": 174,
          "column": 74
        }
      },
      "52": {
        "start": {
          "line": 174,
          "column": 52
        },
        "end": {
          "line": 174,
          "column": 73
        }
      },
      "53": {
        "start": {
          "line": 182,
          "column": 14
        },
        "end": {
          "line": 192,
          "column": 23
        }
      },
      "54": {
        "start": {
          "line": 184,
          "column": 31
        },
        "end": {
          "line": 184,
          "column": 56
        }
      },
      "55": {
        "start": {
          "line": 196,
          "column": 29
        },
        "end": {
          "line": 196,
          "column": 83
        }
      },
      "56": {
        "start": {
          "line": 196,
          "column": 52
        },
        "end": {
          "line": 196,
          "column": 82
        }
      }
    },
    "fnMap": {
      "0": {
        "name": "(anonymous_0)",
        "decl": {
          "start": {
            "line": 7,
            "column": 17
          },
          "end": {
            "line": 7,
            "column": 18
          }
        },
        "loc": {
          "start": {
            "line": 7,
            "column": 23
          },
          "end": {
            "line": 209,
            "column": 1
          }
        },
        "line": 7
      },
      "1": {
        "name": "(anonymous_1)",
        "decl": {
          "start": {
            "line": 25,
            "column": 12
          },
          "end": {
            "line": 25,
            "column": 13
          }
        },
        "loc": {
          "start": {
            "line": 25,
            "column": 18
          },
          "end": {
            "line": 41,
            "column": 3
          }
        },
        "line": 25
      },
      "2": {
        "name": "(anonymous_2)",
        "decl": {
          "start": {
            "line": 26,
            "column": 24
          },
          "end": {
            "line": 26,
            "column": 25
          }
        },
        "loc": {
          "start": {
            "line": 26,
            "column": 36
          },
          "end": {
            "line": 38,
            "column": 5
          }
        },
        "line": 26
      },
      "3": {
        "name": "(anonymous_3)",
        "decl": {
          "start": {
            "line": 44,
            "column": 12
          },
          "end": {
            "line": 44,
            "column": 13
          }
        },
        "loc": {
          "start": {
            "line": 44,
            "column": 18
          },
          "end": {
            "line": 65,
            "column": 3
          }
        },
        "line": 44
      },
      "4": {
        "name": "(anonymous_4)",
        "decl": {
          "start": {
            "line": 49,
            "column": 29
          },
          "end": {
            "line": 49,
            "column": 30
          }
        },
        "loc": {
          "start": {
            "line": 50,
            "column": 8
          },
          "end": {
            "line": 50,
            "column": 67
          }
        },
        "line": 50
      },
      "5": {
        "name": "(anonymous_5)",
        "decl": {
          "start": {
            "line": 56,
            "column": 29
          },
          "end": {
            "line": 56,
            "column": 30
          }
        },
        "loc": {
          "start": {
            "line": 57,
            "column": 8
          },
          "end": {
            "line": 59,
            "column": 9
          }
        },
        "line": 57
      },
      "6": {
        "name": "(anonymous_6)",
        "decl": {
          "start": {
            "line": 57,
            "column": 30
          },
          "end": {
            "line": 57,
            "column": 31
          }
        },
        "loc": {
          "start": {
            "line": 58,
            "column": 10
          },
          "end": {
            "line": 58,
            "column": 45
          }
        },
        "line": 58
      },
      "7": {
        "name": "(anonymous_7)",
        "decl": {
          "start": {
            "line": 72,
            "column": 31
          },
          "end": {
            "line": 72,
            "column": 32
          }
        },
        "loc": {
          "start": {
            "line": 72,
            "column": 45
          },
          "end": {
            "line": 78,
            "column": 3
          }
        },
        "line": 72
      },
      "8": {
        "name": "(anonymous_8)",
        "decl": {
          "start": {
            "line": 73,
            "column": 26
          },
          "end": {
            "line": 73,
            "column": 27
          }
        },
        "loc": {
          "start": {
            "line": 74,
            "column": 6
          },
          "end": {
            "line": 76,
            "column": 29
          }
        },
        "line": 74
      },
      "9": {
        "name": "(anonymous_9)",
        "decl": {
          "start": {
            "line": 75,
            "column": 22
          },
          "end": {
            "line": 75,
            "column": 23
          }
        },
        "loc": {
          "start": {
            "line": 75,
            "column": 27
          },
          "end": {
            "line": 75,
            "column": 41
          }
        },
        "line": 75
      },
      "10": {
        "name": "(anonymous_10)",
        "decl": {
          "start": {
            "line": 105,
            "column": 26
          },
          "end": {
            "line": 105,
            "column": 27
          }
        },
        "loc": {
          "start": {
            "line": 105,
            "column": 33
          },
          "end": {
            "line": 105,
            "column": 62
          }
        },
        "line": 105
      },
      "11": {
        "name": "(anonymous_11)",
        "decl": {
          "start": {
            "line": 116,
            "column": 32
          },
          "end": {
            "line": 116,
            "column": 33
          }
        },
        "loc": {
          "start": {
            "line": 117,
            "column": 14
          },
          "end": {
            "line": 126,
            "column": 20
          }
        },
        "line": 117
      },
      "12": {
        "name": "(anonymous_12)",
        "decl": {
          "start": {
            "line": 122,
            "column": 28
          },
          "end": {
            "line": 122,
            "column": 29
          }
        },
        "loc": {
          "start": {
            "line": 122,
            "column": 34
          },
          "end": {
            "line": 122,
            "column": 64
          }
        },
        "line": 122
      },
      "13": {
        "name": "(anonymous_13)",
        "decl": {
          "start": {
            "line": 134,
            "column": 31
          },
          "end": {
            "line": 134,
            "column": 32
          }
        },
        "loc": {
          "start": {
            "line": 135,
            "column": 14
          },
          "end": {
            "line": 167,
            "column": 20
          }
        },
        "line": 135
      },
      "14": {
        "name": "(anonymous_14)",
        "decl": {
          "start": {
            "line": 148,
            "column": 42
          },
          "end": {
            "line": 148,
            "column": 43
          }
        },
        "loc": {
          "start": {
            "line": 149,
            "column": 22
          },
          "end": {
            "line": 154,
            "column": 29
          }
        },
        "line": 149
      },
      "15": {
        "name": "(anonymous_15)",
        "decl": {
          "start": {
            "line": 174,
            "column": 23
          },
          "end": {
            "line": 174,
            "column": 24
          }
        },
        "loc": {
          "start": {
            "line": 174,
            "column": 29
          },
          "end": {
            "line": 174,
            "column": 74
          }
        },
        "line": 174
      },
      "16": {
        "name": "(anonymous_16)",
        "decl": {
          "start": {
            "line": 174,
            "column": 44
          },
          "end": {
            "line": 174,
            "column": 45
          }
        },
        "loc": {
          "start": {
            "line": 174,
            "column": 52
          },
          "end": {
            "line": 174,
            "column": 73
          }
        },
        "line": 174
      },
      "17": {
        "name": "(anonymous_17)",
        "decl": {
          "start": {
            "line": 181,
            "column": 40
          },
          "end": {
            "line": 181,
            "column": 41
          }
        },
        "loc": {
          "start": {
            "line": 182,
            "column": 14
          },
          "end": {
            "line": 192,
            "column": 23
          }
        },
        "line": 182
      },
      "18": {
        "name": "(anonymous_18)",
        "decl": {
          "start": {
            "line": 184,
            "column": 25
          },
          "end": {
            "line": 184,
            "column": 26
          }
        },
        "loc": {
          "start": {
            "line": 184,
            "column": 31
          },
          "end": {
            "line": 184,
            "column": 56
          }
        },
        "line": 184
      },
      "19": {
        "name": "(anonymous_19)",
        "decl": {
          "start": {
            "line": 196,
            "column": 23
          },
          "end": {
            "line": 196,
            "column": 24
          }
        },
        "loc": {
          "start": {
            "line": 196,
            "column": 29
          },
          "end": {
            "line": 196,
            "column": 83
          }
        },
        "line": 196
      },
      "20": {
        "name": "(anonymous_20)",
        "decl": {
          "start": {
            "line": 196,
            "column": 44
          },
          "end": {
            "line": 196,
            "column": 45
          }
        },
        "loc": {
          "start": {
            "line": 196,
            "column": 52
          },
          "end": {
            "line": 196,
            "column": 82
          }
        },
        "line": 196
      }
    },
    "branchMap": {
      "0": {
        "loc": {
          "start": {
            "line": 48,
            "column": 4
          },
          "end": {
            "line": 52,
            "column": 5
          }
        },
        "type": "if",
        "locations": [
          {
            "start": {
              "line": 48,
              "column": 4
            },
            "end": {
              "line": 52,
              "column": 5
            }
          },
          {
            "start": {
              "line": 48,
              "column": 4
            },
            "end": {
              "line": 52,
              "column": 5
            }
          }
        ],
        "line": 48
      },
      "1": {
        "loc": {
          "start": {
            "line": 55,
            "column": 4
          },
          "end": {
            "line": 61,
            "column": 5
          }
        },
        "type": "if",
        "locations": [
          {
            "start": {
              "line": 55,
              "column": 4
            },
            "end": {
              "line": 61,
              "column": 5
            }
          },
          {
            "start": {
              "line": 55,
              "column": 4
            },
            "end": {
              "line": 61,
              "column": 5
            }
          }
        ],
        "line": 55
      },
      "2": {
        "loc": {
          "start": {
            "line": 74,
            "column": 6
          },
          "end": {
            "line": 76,
            "column": 29
          }
        },
        "type": "cond-expr",
        "locations": [
          {
            "start": {
              "line": 75,
              "column": 10
            },
            "end": {
              "line": 75,
              "column": 42
            }
          },
          {
            "start": {
              "line": 76,
              "column": 10
            },
            "end": {
              "line": 76,
              "column": 29
            }
          }
        ],
        "line": 74
      },
      "3": {
        "loc": {
          "start": {
            "line": 80,
            "column": 2
          },
          "end": {
            "line": 84,
            "column": 4
          }
        },
        "type": "if",
        "locations": [
          {
            "start": {
              "line": 80,
              "column": 2
            },
            "end": {
              "line": 84,
              "column": 4
            }
          },
          {
            "start": {
              "line": 80,
              "column": 2
            },
            "end": {
              "line": 84,
              "column": 4
            }
          }
        ],
        "line": 80
      },
      "4": {
        "loc": {
          "start": {
            "line": 86,
            "column": 2
          },
          "end": {
            "line": 90,
            "column": 4
          }
        },
        "type": "if",
        "locations": [
          {
            "start": {
              "line": 86,
              "column": 2
            },
            "end": {
              "line": 90,
              "column": 4
            }
          },
          {
            "start": {
              "line": 86,
              "column": 2
            },
            "end": {
              "line": 90,
              "column": 4
            }
          }
        ],
        "line": 86
      },
      "5": {
        "loc": {
          "start": {
            "line": 186,
            "column": 18
          },
          "end": {
            "line": 188,
            "column": 35
          }
        },
        "type": "cond-expr",
        "locations": [
          {
            "start": {
              "line": 187,
              "column": 22
            },
            "end": {
              "line": 187,
              "column": 49
            }
          },
          {
            "start": {
              "line": 188,
              "column": 22
            },
            "end": {
              "line": 188,
              "column": 35
            }
          }
        ],
        "line": 186
      }
    },
    "s": {
      "0": 7,
      "1": 58,
      "2": 56,
      "3": 56,
      "4": 56,
      "5": 56,
      "6": 56,
      "7": 56,
      "8": 56,
      "9": 56,
      "10": 56,
      "11": 4,
      "12": 4,
      "13": 4,
      "14": 3,
      "15": 3,
      "16": 3,
      "17": 3,
      "18": 3,
      "19": 0,
      "20": 0,
      "21": 4,
      "22": 56,
      "23": 16,
      "24": 16,
      "25": 10,
      "26": 240,
      "27": 16,
      "28": 0,
      "29": 0,
      "30": 0,
      "31": 16,
      "32": 16,
      "33": 56,
      "34": 56,
      "35": 56,
      "36": 56,
      "37": 56,
      "38": 0,
      "39": 0,
      "40": 0,
      "41": 56,
      "42": 8,
      "43": 48,
      "44": 0,
      "45": 48,
      "46": 9,
      "47": 240,
      "48": 0,
      "49": 432,
      "50": 1296,
      "51": 0,
      "52": 0,
      "53": 144,
      "54": 0,
      "55": 0,
      "56": 0
    },
    "f": {
      "0": 58,
      "1": 4,
      "2": 4,
      "3": 16,
      "4": 240,
      "5": 0,
      "6": 0,
      "7": 0,
      "8": 0,
      "9": 0,
      "10": 9,
      "11": 240,
      "12": 0,
      "13": 432,
      "14": 1296,
      "15": 0,
      "16": 0,
      "17": 144,
      "18": 0,
      "19": 0,
      "20": 0
    },
    "b": {
      "0": [
        10,
        6
      ],
      "1": [
        0,
        16
      ],
      "2": [
        0,
        0
      ],
      "3": [
        8,
        48
      ],
      "4": [
        0,
        48
      ],
      "5": [
        48,
        96
      ]
    },
    "_coverageSchema": "1a1c01bbd47fc00a2c39e90264f33305004495a9",
    "hash": "1e9d05d142e314343574a6c7ebcb206e15f1574c"
  },
  "/home/ubuntu/Desktop/iPlant-frontend/src/Pages/AboutUsPage/AboutUsPage.js": {
    "path": "/home/ubuntu/Desktop/iPlant-frontend/src/Pages/AboutUsPage/AboutUsPage.js",
    "statementMap": {
      "0": {
        "start": {
          "line": 7,
          "column": 38
        },
        "end": {
          "line": 7,
          "column": 53
        }
      },
      "1": {
        "start": {
          "line": 8,
          "column": 46
        },
        "end": {
          "line": 8,
          "column": 61
        }
      },
      "2": {
        "start": {
          "line": 10,
          "column": 2
        },
        "end": {
          "line": 16,
          "column": 9
        }
      },
      "3": {
        "start": {
          "line": 11,
          "column": 25
        },
        "end": {
          "line": 13,
          "column": 5
        }
      },
      "4": {
        "start": {
          "line": 12,
          "column": 6
        },
        "end": {
          "line": 12,
          "column": 45
        }
      },
      "5": {
        "start": {
          "line": 14,
          "column": 4
        },
        "end": {
          "line": 14,
          "column": 52
        }
      },
      "6": {
        "start": {
          "line": 15,
          "column": 4
        },
        "end": {
          "line": 15,
          "column": 68
        }
      },
      "7": {
        "start": {
          "line": 15,
          "column": 17
        },
        "end": {
          "line": 15,
          "column": 67
        }
      },
      "8": {
        "start": {
          "line": 18,
          "column": 27
        },
        "end": {
          "line": 18,
          "column": 67
        }
      },
      "9": {
        "start": {
          "line": 18,
          "column": 33
        },
        "end": {
          "line": 18,
          "column": 67
        }
      },
      "10": {
        "start": {
          "line": 20,
          "column": 2
        },
        "end": {
          "line": 50,
          "column": 4
        }
      }
    },
    "fnMap": {
      "0": {
        "name": "AboutUsPage",
        "decl": {
          "start": {
            "line": 6,
            "column": 9
          },
          "end": {
            "line": 6,
            "column": 20
          }
        },
        "loc": {
          "start": {
            "line": 6,
            "column": 23
          },
          "end": {
            "line": 51,
            "column": 1
          }
        },
        "line": 6
      },
      "1": {
        "name": "(anonymous_1)",
        "decl": {
          "start": {
            "line": 10,
            "column": 12
          },
          "end": {
            "line": 10,
            "column": 13
          }
        },
        "loc": {
          "start": {
            "line": 10,
            "column": 18
          },
          "end": {
            "line": 16,
            "column": 3
          }
        },
        "line": 10
      },
      "2": {
        "name": "(anonymous_2)",
        "decl": {
          "start": {
            "line": 11,
            "column": 25
          },
          "end": {
            "line": 11,
            "column": 26
          }
        },
        "loc": {
          "start": {
            "line": 11,
            "column": 31
          },
          "end": {
            "line": 13,
            "column": 5
          }
        },
        "line": 11
      },
      "3": {
        "name": "(anonymous_3)",
        "decl": {
          "start": {
            "line": 15,
            "column": 11
          },
          "end": {
            "line": 15,
            "column": 12
          }
        },
        "loc": {
          "start": {
            "line": 15,
            "column": 17
          },
          "end": {
            "line": 15,
            "column": 67
          }
        },
        "line": 15
      },
      "4": {
        "name": "(anonymous_4)",
        "decl": {
          "start": {
            "line": 18,
            "column": 27
          },
          "end": {
            "line": 18,
            "column": 28
          }
        },
        "loc": {
          "start": {
            "line": 18,
            "column": 33
          },
          "end": {
            "line": 18,
            "column": 67
          }
        },
        "line": 18
      }
    },
    "branchMap": {},
    "s": {
      "0": 3,
      "1": 2,
      "2": 2,
      "3": 2,
      "4": 0,
      "5": 2,
      "6": 2,
      "7": 1,
      "8": 2,
      "9": 0,
      "10": 2
    },
    "f": {
      "0": 3,
      "1": 2,
      "2": 0,
      "3": 1,
      "4": 0
    },
    "b": {},
    "_coverageSchema": "1a1c01bbd47fc00a2c39e90264f33305004495a9",
    "hash": "7e899260197f83d0c8ff88088d0ff8684d8e24bf"
  },
  "/home/ubuntu/Desktop/iPlant-frontend/src/Pages/DetailPage/DetailPage.js": {
    "path": "/home/ubuntu/Desktop/iPlant-frontend/src/Pages/DetailPage/DetailPage.js",
    "statementMap": {
      "0": {
        "start": {
          "line": 9,
          "column": 20
        },
        "end": {
          "line": 96,
          "column": 1
        }
      },
      "1": {
        "start": {
          "line": 10,
          "column": 32
        },
        "end": {
          "line": 10,
          "column": 44
        }
      },
      "2": {
        "start": {
          "line": 11,
          "column": 42
        },
        "end": {
          "line": 11,
          "column": 57
        }
      },
      "3": {
        "start": {
          "line": 12,
          "column": 28
        },
        "end": {
          "line": 12,
          "column": 40
        }
      },
      "4": {
        "start": {
          "line": 14,
          "column": 19
        },
        "end": {
          "line": 14,
          "column": 32
        }
      },
      "5": {
        "start": {
          "line": 16,
          "column": 23
        },
        "end": {
          "line": 56,
          "column": 3
        }
      },
      "6": {
        "start": {
          "line": 17,
          "column": 4
        },
        "end": {
          "line": 17,
          "column": 23
        }
      },
      "7": {
        "start": {
          "line": 18,
          "column": 21
        },
        "end": {
          "line": 18,
          "column": 65
        }
      },
      "8": {
        "start": {
          "line": 20,
          "column": 4
        },
        "end": {
          "line": 23,
          "column": 5
        }
      },
      "9": {
        "start": {
          "line": 21,
          "column": 6
        },
        "end": {
          "line": 21,
          "column": 67
        }
      },
      "10": {
        "start": {
          "line": 22,
          "column": 6
        },
        "end": {
          "line": 22,
          "column": 13
        }
      },
      "11": {
        "start": {
          "line": 25,
          "column": 4
        },
        "end": {
          "line": 25,
          "column": 26
        }
      },
      "12": {
        "start": {
          "line": 26,
          "column": 4
        },
        "end": {
          "line": 26,
          "column": 17
        }
      },
      "13": {
        "start": {
          "line": 28,
          "column": 4
        },
        "end": {
          "line": 55,
          "column": 5
        }
      },
      "14": {
        "start": {
          "line": 29,
          "column": 23
        },
        "end": {
          "line": 42,
          "column": 8
        }
      },
      "15": {
        "start": {
          "line": 44,
          "column": 6
        },
        "end": {
          "line": 46,
          "column": 7
        }
      },
      "16": {
        "start": {
          "line": 45,
          "column": 8
        },
        "end": {
          "line": 45,
          "column": 50
        }
      },
      "17": {
        "start": {
          "line": 48,
          "column": 6
        },
        "end": {
          "line": 48,
          "column": 23
        }
      },
      "18": {
        "start": {
          "line": 49,
          "column": 6
        },
        "end": {
          "line": 49,
          "column": 21
        }
      },
      "19": {
        "start": {
          "line": 51,
          "column": 6
        },
        "end": {
          "line": 51,
          "column": 60
        }
      },
      "20": {
        "start": {
          "line": 52,
          "column": 6
        },
        "end": {
          "line": 52,
          "column": 53
        }
      },
      "21": {
        "start": {
          "line": 54,
          "column": 6
        },
        "end": {
          "line": 54,
          "column": 29
        }
      },
      "22": {
        "start": {
          "line": 58,
          "column": 2
        },
        "end": {
          "line": 95,
          "column": 4
        }
      },
      "23": {
        "start": {
          "line": 69,
          "column": 29
        },
        "end": {
          "line": 69,
          "column": 55
        }
      },
      "24": {
        "start": {
          "line": 99,
          "column": 25
        },
        "end": {
          "line": 134,
          "column": 1
        }
      },
      "25": {
        "start": {
          "line": 100,
          "column": 2
        },
        "end": {
          "line": 133,
          "column": 15
        }
      },
      "26": {
        "start": {
          "line": 102,
          "column": 6
        },
        "end": {
          "line": 131,
          "column": 12
        }
      },
      "27": {
        "start": {
          "line": 126,
          "column": 16
        },
        "end": {
          "line": 126,
          "column": 83
        }
      },
      "28": {
        "start": {
          "line": 137,
          "column": 19
        },
        "end": {
          "line": 276,
          "column": 1
        }
      },
      "29": {
        "start": {
          "line": 138,
          "column": 17
        },
        "end": {
          "line": 138,
          "column": 28
        }
      },
      "30": {
        "start": {
          "line": 139,
          "column": 28
        },
        "end": {
          "line": 139,
          "column": 42
        }
      },
      "31": {
        "start": {
          "line": 140,
          "column": 32
        },
        "end": {
          "line": 140,
          "column": 46
        }
      },
      "32": {
        "start": {
          "line": 141,
          "column": 28
        },
        "end": {
          "line": 141,
          "column": 42
        }
      },
      "33": {
        "start": {
          "line": 142,
          "column": 48
        },
        "end": {
          "line": 142,
          "column": 59
        }
      },
      "34": {
        "start": {
          "line": 143,
          "column": 48
        },
        "end": {
          "line": 143,
          "column": 63
        }
      },
      "35": {
        "start": {
          "line": 144,
          "column": 2
        },
        "end": {
          "line": 147,
          "column": 9
        }
      },
      "36": {
        "start": {
          "line": 145,
          "column": 21
        },
        "end": {
          "line": 145,
          "column": 53
        }
      },
      "37": {
        "start": {
          "line": 146,
          "column": 4
        },
        "end": {
          "line": 146,
          "column": 35
        }
      },
      "38": {
        "start": {
          "line": 148,
          "column": 2
        },
        "end": {
          "line": 163,
          "column": 28
        }
      },
      "39": {
        "start": {
          "line": 149,
          "column": 30
        },
        "end": {
          "line": 160,
          "column": 5
        }
      },
      "40": {
        "start": {
          "line": 150,
          "column": 6
        },
        "end": {
          "line": 159,
          "column": 7
        }
      },
      "41": {
        "start": {
          "line": 151,
          "column": 25
        },
        "end": {
          "line": 151,
          "column": 114
        }
      },
      "42": {
        "start": {
          "line": 152,
          "column": 21
        },
        "end": {
          "line": 152,
          "column": 42
        }
      },
      "43": {
        "start": {
          "line": 153,
          "column": 29
        },
        "end": {
          "line": 153,
          "column": 90
        }
      },
      "44": {
        "start": {
          "line": 153,
          "column": 70
        },
        "end": {
          "line": 153,
          "column": 89
        }
      },
      "45": {
        "start": {
          "line": 154,
          "column": 8
        },
        "end": {
          "line": 154,
          "column": 31
        }
      },
      "46": {
        "start": {
          "line": 155,
          "column": 8
        },
        "end": {
          "line": 155,
          "column": 26
        }
      },
      "47": {
        "start": {
          "line": 157,
          "column": 8
        },
        "end": {
          "line": 157,
          "column": 30
        }
      },
      "48": {
        "start": {
          "line": 158,
          "column": 8
        },
        "end": {
          "line": 158,
          "column": 26
        }
      },
      "49": {
        "start": {
          "line": 162,
          "column": 4
        },
        "end": {
          "line": 162,
          "column": 24
        }
      },
      "50": {
        "start": {
          "line": 165,
          "column": 29
        },
        "end": {
          "line": 167,
          "column": 3
        }
      },
      "51": {
        "start": {
          "line": 166,
          "column": 4
        },
        "end": {
          "line": 166,
          "column": 41
        }
      },
      "52": {
        "start": {
          "line": 166,
          "column": 31
        },
        "end": {
          "line": 166,
          "column": 39
        }
      },
      "53": {
        "start": {
          "line": 169,
          "column": 2
        },
        "end": {
          "line": 173,
          "column": 4
        }
      },
      "54": {
        "start": {
          "line": 169,
          "column": 15
        },
        "end": {
          "line": 173,
          "column": 4
        }
      },
      "55": {
        "start": {
          "line": 175,
          "column": 2
        },
        "end": {
          "line": 182,
          "column": 4
        }
      },
      "56": {
        "start": {
          "line": 175,
          "column": 13
        },
        "end": {
          "line": 182,
          "column": 4
        }
      },
      "57": {
        "start": {
          "line": 184,
          "column": 2
        },
        "end": {
          "line": 184,
          "column": 26
        }
      },
      "58": {
        "start": {
          "line": 184,
          "column": 14
        },
        "end": {
          "line": 184,
          "column": 26
        }
      },
      "59": {
        "start": {
          "line": 186,
          "column": 2
        },
        "end": {
          "line": 275,
          "column": 4
        }
      },
      "60": {
        "start": {
          "line": 246,
          "column": 22
        },
        "end": {
          "line": 263,
          "column": 28
        }
      }
    },
    "fnMap": {
      "0": {
        "name": "(anonymous_0)",
        "decl": {
          "start": {
            "line": 9,
            "column": 20
          },
          "end": {
            "line": 9,
            "column": 21
          }
        },
        "loc": {
          "start": {
            "line": 9,
            "column": 53
          },
          "end": {
            "line": 96,
            "column": 1
          }
        },
        "line": 9
      },
      "1": {
        "name": "(anonymous_1)",
        "decl": {
          "start": {
            "line": 16,
            "column": 23
          },
          "end": {
            "line": 16,
            "column": 24
          }
        },
        "loc": {
          "start": {
            "line": 16,
            "column": 36
          },
          "end": {
            "line": 56,
            "column": 3
          }
        },
        "line": 16
      },
      "2": {
        "name": "(anonymous_2)",
        "decl": {
          "start": {
            "line": 69,
            "column": 22
          },
          "end": {
            "line": 69,
            "column": 23
          }
        },
        "loc": {
          "start": {
            "line": 69,
            "column": 29
          },
          "end": {
            "line": 69,
            "column": 55
          }
        },
        "line": 69
      },
      "3": {
        "name": "(anonymous_3)",
        "decl": {
          "start": {
            "line": 99,
            "column": 25
          },
          "end": {
            "line": 99,
            "column": 26
          }
        },
        "loc": {
          "start": {
            "line": 100,
            "column": 2
          },
          "end": {
            "line": 133,
            "column": 15
          }
        },
        "line": 100
      },
      "4": {
        "name": "(anonymous_4)",
        "decl": {
          "start": {
            "line": 101,
            "column": 5
          },
          "end": {
            "line": 101,
            "column": 6
          }
        },
        "loc": {
          "start": {
            "line": 102,
            "column": 6
          },
          "end": {
            "line": 131,
            "column": 12
          }
        },
        "line": 102
      },
      "5": {
        "name": "(anonymous_5)",
        "decl": {
          "start": {
            "line": 125,
            "column": 33
          },
          "end": {
            "line": 125,
            "column": 34
          }
        },
        "loc": {
          "start": {
            "line": 126,
            "column": 16
          },
          "end": {
            "line": 126,
            "column": 83
          }
        },
        "line": 126
      },
      "6": {
        "name": "(anonymous_6)",
        "decl": {
          "start": {
            "line": 137,
            "column": 19
          },
          "end": {
            "line": 137,
            "column": 20
          }
        },
        "loc": {
          "start": {
            "line": 137,
            "column": 25
          },
          "end": {
            "line": 276,
            "column": 1
          }
        },
        "line": 137
      },
      "7": {
        "name": "(anonymous_7)",
        "decl": {
          "start": {
            "line": 144,
            "column": 12
          },
          "end": {
            "line": 144,
            "column": 13
          }
        },
        "loc": {
          "start": {
            "line": 144,
            "column": 18
          },
          "end": {
            "line": 147,
            "column": 3
          }
        },
        "line": 144
      },
      "8": {
        "name": "(anonymous_8)",
        "decl": {
          "start": {
            "line": 148,
            "column": 12
          },
          "end": {
            "line": 148,
            "column": 13
          }
        },
        "loc": {
          "start": {
            "line": 148,
            "column": 18
          },
          "end": {
            "line": 163,
            "column": 3
          }
        },
        "line": 148
      },
      "9": {
        "name": "(anonymous_9)",
        "decl": {
          "start": {
            "line": 149,
            "column": 30
          },
          "end": {
            "line": 149,
            "column": 31
          }
        },
        "loc": {
          "start": {
            "line": 149,
            "column": 42
          },
          "end": {
            "line": 160,
            "column": 5
          }
        },
        "line": 149
      },
      "10": {
        "name": "(anonymous_10)",
        "decl": {
          "start": {
            "line": 153,
            "column": 62
          },
          "end": {
            "line": 153,
            "column": 63
          }
        },
        "loc": {
          "start": {
            "line": 153,
            "column": 70
          },
          "end": {
            "line": 153,
            "column": 89
          }
        },
        "line": 153
      },
      "11": {
        "name": "(anonymous_11)",
        "decl": {
          "start": {
            "line": 165,
            "column": 29
          },
          "end": {
            "line": 165,
            "column": 30
          }
        },
        "loc": {
[...]
          }
        },
        "type": "binary-expr",
        "locations": [
          {
            "start": {
              "line": 249,
              "column": 33
            },
            "end": {
              "line": 249,
              "column": 60
            }
          },
          {
            "start": {
              "line": 249,
              "column": 64
            },
            "end": {
              "line": 249,
              "column": 85
            }
          }
        ],
        "line": 249
      },
      "18": {
        "loc": {
          "start": {
            "line": 250,
            "column": 36
          },
          "end": {
            "line": 250,
            "column": 73
          }
        },
        "type": "binary-expr",
        "locations": [
          {
            "start": {
              "line": 250,
              "column": 36
            },
            "end": {
              "line": 250,
              "column": 60
            }
          },
          {
            "start": {
              "line": 250,
              "column": 64
            },
            "end": {
              "line": 250,
              "column": 73
            }
          }
        ],
        "line": 250
      },
      "19": {
        "loc": {
          "start": {
            "line": 250,
            "column": 77
          },
          "end": {
            "line": 250,
            "column": 106
          }
        },
        "type": "binary-expr",
        "locations": [
          {
            "start": {
              "line": 250,
              "column": 77
            },
            "end": {
              "line": 250,
              "column": 100
            }
          },
          {
            "start": {
              "line": 250,
              "column": 104
            },
            "end": {
              "line": 250,
              "column": 106
            }
          }
        ],
        "line": 250
      },
      "20": {
        "loc": {
          "start": {
            "line": 256,
            "column": 33
          },
          "end": {
            "line": 256,
            "column": 72
          }
        },
        "type": "binary-expr",
        "locations": [
          {
            "start": {
              "line": 256,
              "column": 33
            },
            "end": {
              "line": 256,
              "column": 57
            }
          },
          {
            "start": {
              "line": 256,
              "column": 61
            },
            "end": {
              "line": 256,
              "column": 72
            }
          }
        ],
        "line": 256
      },
      "21": {
        "loc": {
          "start": {
            "line": 256,
            "column": 75
          },
          "end": {
            "line": 256,
            "column": 104
          }
        },
        "type": "binary-expr",
        "locations": [
          {
            "start": {
              "line": 256,
              "column": 75
            },
            "end": {
              "line": 256,
              "column": 98
            }
          },
          {
            "start": {
              "line": 256,
              "column": 102
            },
            "end": {
              "line": 256,
              "column": 104
            }
          }
        ],
        "line": 256
      },
      "22": {
        "loc": {
          "start": {
            "line": 259,
            "column": 63
          },
          "end": {
            "line": 259,
            "column": 88
          }
        },
        "type": "binary-expr",
        "locations": [
          {
            "start": {
              "line": 259,
              "column": 63
            },
            "end": {
              "line": 259,
              "column": 82
            }
          },
          {
            "start": {
              "line": 259,
              "column": 86
            },
            "end": {
              "line": 259,
              "column": 88
            }
          }
        ],
        "line": 259
      }
    },
    "s": {
      "0": 7,
      "1": 0,
      "2": 0,
      "3": 0,
      "4": 0,
      "5": 0,
      "6": 0,
      "7": 0,
      "8": 0,
      "9": 0,
      "10": 0,
      "11": 0,
      "12": 0,
      "13": 0,
      "14": 0,
      "15": 0,
      "16": 0,
      "17": 0,
      "18": 0,
      "19": 0,
      "20": 0,
      "21": 0,
      "22": 0,
      "23": 0,
      "24": 7,
      "25": 0,
      "26": 0,
      "27": 0,
      "28": 7,
      "29": 2,
      "30": 2,
      "31": 2,
      "32": 2,
      "33": 2,
      "34": 2,
      "35": 2,
      "36": 2,
      "37": 2,
      "38": 2,
      "39": 2,
      "40": 2,
      "41": 2,
      "42": 0,
      "43": 0,
      "44": 0,
      "45": 0,
      "46": 0,
      "47": 0,
      "48": 0,
      "49": 2,
      "50": 2,
      "51": 0,
      "52": 0,
      "53": 2,
      "54": 2,
      "55": 0,
      "56": 0,
      "57": 0,
      "58": 0,
      "59": 0,
      "60": 0
    },
    "f": {
      "0": 0,
      "1": 0,
      "2": 0,
      "3": 0,
      "4": 0,
      "5": 0,
      "6": 2,
      "7": 2,
      "8": 2,
      "9": 2,
      "10": 0,
      "11": 0,
      "12": 0,
      "13": 0
    },
    "b": {
      "0": [
        0,
        0
      ],
      "1": [
        0,
        0
      ],
      "2": [
        0,
        0
      ],
      "3": [
        0,
        0
      ],
      "4": [
        0,
        0
      ],
      "5": [
        0,
        0
      ],
      "6": [
        0,
        0
      ],
      "7": [
        2,
        0
      ],
      "8": [
        0,
        0
      ],
      "9": [
        0,
        0
      ],
      "10": [
        0,
        0
      ],
      "11": [
        0,
        0
      ],
      "12": [
        0,
        0
      ],
      "13": [
        0,
        0
      ],
      "14": [
        0,
        0
      ],
      "15": [
        0,
        0
      ],
      "16": [
        0,
        0
      ],
      "17": [
        0,
        0
      ],
      "18": [
        0,
        0
      ],
      "19": [
        0,
        0
      ],
      "20": [
        0,
        0
      ],
      "21": [
        0,
        0
      ],
      "22": [
        0,
        0
      ]
    },
    "_coverageSchema": "1a1c01bbd47fc00a2c39e90264f33305004495a9",
    "hash": "e8af51bbc0958846168a337a2eb63ee4c8dc8601"
  },
  "/home/ubuntu/Desktop/iPlant-frontend/src/Pages/LoginPage/LoginPage.js": {
    "path": "/home/ubuntu/Desktop/iPlant-frontend/src/Pages/LoginPage/LoginPage.js",
    "statementMap": {
      "0": {
        "start": {
          "line": 6,
          "column": 18
        },
        "end": {
          "line": 97,
          "column": 1
        }
      },
      "1": {
        "start": {
          "line": 7,
          "column": 28
        },
        "end": {
          "line": 7,
          "column": 40
        }
      },
      "2": {
        "start": {
          "line": 8,
          "column": 34
        },
        "end": {
          "line": 8,
          "column": 46
        }
      },
      "3": {
        "start": {
          "line": 9,
          "column": 28
        },
        "end": {
          "line": 9,
          "column": 40
        }
      },
      "4": {
        "start": {
          "line": 10,
          "column": 36
        },
        "end": {
          "line": 10,
          "column": 51
        }
      },
      "5": {
        "start": {
          "line": 11,
          "column": 19
        },
        "end": {
          "line": 11,
          "column": 32
        }
      },
      "6": {
        "start": {
          "line": 13,
          "column": 2
        },
        "end": {
          "line": 18,
          "column": 17
        }
      },
      "7": {
        "start": {
          "line": 14,
          "column": 17
        },
        "end": {
          "line": 14,
          "column": 45
        }
      },
      "8": {
        "start": {
          "line": 15,
          "column": 4
        },
        "end": {
          "line": 17,
          "column": 5
        }
      },
      "9": {
        "start": {
          "line": 16,
          "column": 6
        },
        "end": {
          "line": 16,
          "column": 39
        }
      },
      "10": {
        "start": {
          "line": 20,
          "column": 23
        },
        "end": {
          "line": 50,
          "column": 3
        }
      },
      "11": {
        "start": {
          "line": 21,
          "column": 4
        },
        "end": {
          "line": 21,
          "column": 23
        }
      },
      "12": {
        "start": {
          "line": 22,
          "column": 4
        },
        "end": {
          "line": 22,
          "column": 17
        }
      },
      "13": {
        "start": {
          "line": 23,
          "column": 4
        },
        "end": {
          "line": 23,
          "column": 23
        }
      },
      "14": {
        "start": {
          "line": 25,
          "column": 4
        },
        "end": {
          "line": 49,
          "column": 5
        }
      },
      "15": {
        "start": {
          "line": 26,
          "column": 23
        },
        "end": {
          "line": 34,
          "column": 8
        }
      },
      "16": {
        "start": {
          "line": 36,
          "column": 19
        },
        "end": {
          "line": 36,
          "column": 40
        }
      },
      "17": {
        "start": {
          "line": 37,
          "column": 23
        },
        "end": {
          "line": 37,
          "column": 44
        }
      },
      "18": {
        "start": {
          "line": 39,
          "column": 6
        },
        "end": {
          "line": 41,
          "column": 7
        }
      },
      "19": {
        "start": {
          "line": 40,
          "column": 8
        },
        "end": {
          "line": 40,
          "column": 40
        }
      },
      "20": {
        "start": {
          "line": 43,
          "column": 6
        },
        "end": {
          "line": 43,
          "column": 65
        }
      },
      "21": {
        "start": {
          "line": 44,
          "column": 6
        },
        "end": {
          "line": 44,
          "column": 39
        }
      },
      "22": {
        "start": {
          "line": 46,
          "column": 6
        },
        "end": {
          "line": 46,
          "column": 44
        }
      },
      "23": {
        "start": {
          "line": 48,
          "column": 6
        },
        "end": {
          "line": 48,
          "column": 26
        }
      },
      "24": {
        "start": {
          "line": 52,
          "column": 2
        },
        "end": {
          "line": 96,
          "column": 4
        }
      },
      "25": {
        "start": {
          "line": 67,
          "column": 31
        },
        "end": {
          "line": 67,
          "column": 55
        }
      },
      "26": {
        "start": {
          "line": 79,
          "column": 31
        },
        "end": {
          "line": 79,
          "column": 58
        }
      }
    },
    "fnMap": {
      "0": {
        "name": "(anonymous_0)",
        "decl": {
          "start": {
            "line": 6,
            "column": 18
          },
          "end": {
            "line": 6,
            "column": 19
          }
        },
        "loc": {
          "start": {
            "line": 6,
            "column": 24
          },
          "end": {
            "line": 97,
            "column": 1
          }
        },
        "line": 6
      },
      "1": {
        "name": "(anonymous_1)",
        "decl": {
          "start": {
            "line": 13,
            "column": 12
          },
          "end": {
            "line": 13,
            "column": 13
          }
        },
        "loc": {
          "start": {
            "line": 13,
            "column": 18
          },
          "end": {
            "line": 18,
            "column": 3
          }
        },
        "line": 13
      },
      "2": {
        "name": "(anonymous_2)",
        "decl": {
          "start": {
            "line": 20,
            "column": 23
          },
          "end": {
            "line": 20,
            "column": 24
          }
        },
        "loc": {
          "start": {
            "line": 20,
            "column": 36
          },
          "end": {
            "line": 50,
            "column": 3
          }
        },
        "line": 20
      },
      "3": {
        "name": "(anonymous_3)",
        "decl": {
          "start": {
            "line": 67,
            "column": 24
          },
          "end": {
            "line": 67,
            "column": 25
          }
        },
        "loc": {
          "start": {
            "line": 67,
            "column": 31
          },
          "end": {
            "line": 67,
            "column": 55
          }
        },
        "line": 67
      },
      "4": {
        "name": "(anonymous_4)",
        "decl": {
          "start": {
            "line": 79,
            "column": 24
          },
          "end": {
            "line": 79,
            "column": 25
          }
        },
        "loc": {
          "start": {
            "line": 79,
            "column": 31
          },
          "end": {
            "line": 79,
            "column": 58
          }
        },
        "line": 79
      }
    },
    "branchMap": {
      "0": {
        "loc": {
          "start": {
            "line": 15,
            "column": 4
          },
          "end": {
            "line": 17,
            "column": 5
          }
        },
        "type": "if",
        "locations": [
          {
            "start": {
              "line": 15,
              "column": 4
            },
            "end": {
              "line": 17,
              "column": 5
            }
          },
          {
            "start": {
              "line": 15,
              "column": 4
            },
            "end": {
              "line": 17,
              "column": 5
            }
          }
        ],
        "line": 15
      },
      "1": {
        "loc": {
          "start": {
            "line": 39,
            "column": 6
          },
          "end": {
            "line": 41,
            "column": 7
          }
        },
        "type": "if",
        "locations": [
          {
            "start": {
              "line": 39,
              "column": 6
            },
            "end": {
              "line": 41,
              "column": 7
            }
          },
          {
            "start": {
              "line": 39,
              "column": 6
            },
            "end": {
              "line": 41,
              "column": 7
            }
          }
        ],
        "line": 39
      },
      "2": {
        "loc": {
          "start": {
            "line": 58,
            "column": 9
          },
          "end": {
            "line": 58,
            "column": 70
          }
        },
        "type": "binary-expr",
        "locations": [
          {
            "start": {
              "line": 58,
              "column": 9
            },
            "end": {
              "line": 58,
              "column": 14
            }
          },
          {
            "start": {
              "line": 58,
              "column": 18
            },
            "end": {
              "line": 58,
              "column": 70
            }
          }
        ],
        "line": 58
      },
      "3": {
        "loc": {
          "start": {
            "line": 89,
            "column": 13
          },
          "end": {
            "line": 89,
            "column": 47
          }
        },
        "type": "cond-expr",
        "locations": [
          {
            "start": {
              "line": 89,
              "column": 25
            },
            "end": {
              "line": 89,
              "column": 37
            }
          },
          {
            "start": {
              "line": 89,
              "column": 40
            },
            "end": {
              "line": 89,
              "column": 47
            }
          }
        ],
        "line": 89
      }
    },
    "s": {
      "0": 7,
      "1": 85,
      "2": 82,
      "3": 82,
      "4": 82,
      "5": 82,
      "6": 82,
      "7": 6,
      "8": 6,
      "9": 0,
      "10": 82,
      "11": 2,
      "12": 2,
      "13": 2,
      "14": 2,
      "15": 2,
      "16": 0,
      "17": 0,
      "18": 0,
      "19": 0,
      "20": 0,
      "21": 0,
      "22": 1,
      "23": 1,
      "24": 82,
      "25": 28,
      "26": 8
    },
    "f": {
      "0": 85,
      "1": 6,
      "2": 2,
      "3": 28,
      "4": 8
    },
    "b": {
      "0": [
        0,
        6
      ],
      "1": [
        0,
        0
      ],
      "2": [
        82,
        0
      ],
      "3": [
        4,
        78
      ]
    },
    "_coverageSchema": "1a1c01bbd47fc00a2c39e90264f33305004495a9",
    "hash": "ce7e52dfd41d00b8f1879a0bb87479b70c42a58b"
  },
  "/home/ubuntu/Desktop/iPlant-frontend/src/App.js": {
    "path": "/home/ubuntu/Desktop/iPlant-frontend/src/App.js",
    "statementMap": {
      "0": {
        "start": {
          "line": 13,
          "column": 2
        },
        "end": {
          "line": 17,
          "column": 9
        }
      },
      "1": {
        "start": {
          "line": 14,
          "column": 8
        },
        "end": {
          "line": 14,
          "column": 27
        }
      },
      "2": {
        "start": {
          "line": 15,
          "column": 8
        },
        "end": {
          "line": 15,
          "column": 38
        }
      },
      "3": {
        "start": {
          "line": 16,
          "column": 8
        },
        "end": {
          "line": 16,
          "column": 33
        }
      },
      "4": {
        "start": {
          "line": 19,
          "column": 2
        },
        "end": {
          "line": 31,
          "column": 4
        }
      }
    },
    "fnMap": {
      "0": {
        "name": "App",
        "decl": {
          "start": {
            "line": 11,
            "column": 9
          },
          "end": {
            "line": 11,
            "column": 12
          }
        },
        "loc": {
          "start": {
            "line": 11,
            "column": 15
          },
          "end": {
            "line": 32,
            "column": 1
          }
        },
        "line": 11
      },
      "1": {
        "name": "(anonymous_1)",
        "decl": {
          "start": {
            "line": 13,
            "column": 12
          },
          "end": {
            "line": 13,
            "column": 13
          }
        },
        "loc": {
          "start": {
            "line": 13,
            "column": 18
          },
          "end": {
            "line": 17,
            "column": 3
          }
        },
        "line": 13
      }
    },
    "branchMap": {},
    "s": {
      "0": 21,
      "1": 14,
      "2": 14,
      "3": 14,
      "4": 14
    },
    "f": {
      "0": 21,
      "1": 14
    },
    "b": {},
    "_coverageSchema": "1a1c01bbd47fc00a2c39e90264f33305004495a9",
    "hash": "d3c854f4be3a3e52b78009264334e128a6e70198"
  },
  "/home/ubuntu/Desktop/iPlant-frontend/src/index.js": {
    "path": "/home/ubuntu/Desktop/iPlant-frontend/src/index.js",
    "statementMap": {
      "0": {
        "start": {
          "line": 6,
          "column": 13
        },
        "end": {
          "line": 6,
          "column": 65
        }
      },
      "1": {
        "start": {
          "line": 7,
          "column": 0
        },
        "end": {
          "line": 11,
          "column": 2
        }
      }
    },
    "fnMap": {},
    "branchMap": {},
    "s": {
      "0": 7,
      "1": 7
    },
    "f": {},
    "b": {},
    "_coverageSchema": "1a1c01bbd47fc00a2c39e90264f33305004495a9",
    "hash": "bb430dc2126cb08496ec64a1ed09d013b0f5d3b0"
  }
}