{
  "stats": {
    "suites": 1,
    "tests": 1,
    "passes": 1,
    "pending": 0,
    "failures": 0,
    "start": "2024-12-18T16:07:03.868Z",
    "end": "2024-12-18T16:07:06.469Z",
    "duration": 2601,
    "testsRegistered": 1,
    "passPercent": 100,
    "pendingPercent": 0,
    "other": 0,
    "hasOther": false,
    "skipped": 0,
    "hasSkipped": false
  },
  "results": [
    {
      "uuid": "fa3ef365-0306-44e3-b4c8-77c59ac111d3",
      "title": "",
      "fullFile": "/home/ubuntu/Desktop/iPlant-frontend/tests/e2e.test.js",
      "file": "/tests/e2e.test.js",
      "beforeHooks": [],
      "afterHooks": [],
      "tests": [],
      "suites": [
        {
          "uuid": "3f19822f-a4de-4095-8d49-ef2d67b27291",
          "title": "React App E2E Tests",
          "fullFile": "/home/ubuntu/Desktop/iPlant-frontend/tests/e2e.test.js",
          "file": "/tests/e2e.test.js",
          "beforeHooks": [
            {
              "title": "\"before all\" hook in \"React App E2E Tests\"",
              "fullTitle": "React App E2E Tests \"before all\" hook in \"React App E2E Tests\"",
              "timedOut": false,
              "duration": 560,
              "state": null,
              "speed": null,
              "pass": false,
              "fail": false,
              "pending": false,
              "context": null,
              "code": "driver = await new Builder().forBrowser('chrome').build();",
              "err": {},
              "uuid": "e9ac5b74-4f9d-4829-bb54-a5a3c93269a8",
              "parentUUID": "3f19822f-a4de-4095-8d49-ef2d67b27291",
              "isHook": true,
              "skipped": false
            }
          ],
          "afterHooks": [
            {
              "title": "\"after all\" hook in \"React App E2E Tests\"",
              "fullTitle": "React App E2E Tests \"after all\" hook in \"React App E2E Tests\"",
              "timedOut": false,
              "duration": 56,
              "state": null,
              "speed": null,
              "pass": false,
              "fail": false,
              "pending": false,
              "context": null,
              "code": "await driver.quit();",
              "err": {},
              "uuid": "e871cf9a-9328-4762-a51c-e59f41ea59a5",
              "parentUUID": "3f19822f-a4de-4095-8d49-ef2d67b27291",
              "isHook": true,
              "skipped": false
            }
          ],
          "tests": [
            {
              "title": "should load the homepage",
              "fullTitle": "React App E2E Tests should load the homepage",
              "timedOut": false,
              "duration": 1977,
              "state": "passed",
              "speed": "slow",
              "pass": true,
              "fail": false,
              "pending": false,
              "context": null,
              "code": "await driver.get('http://localhost:3000'); // Replace with your React app URL\nconst title = await driver.getTitle();\nassert.strictEqual(title, 'React App');",
              "err": {},
              "uuid": "7e687233-1f2f-4b5d-816f-5cfcc900ad1f",
              "parentUUID": "3f19822f-a4de-4095-8d49-ef2d67b27291",
              "isHook": false,
              "skipped": false
            }
          ],
          "suites": [],
          "passes": [
            "7e687233-1f2f-4b5d-816f-5cfcc900ad1f"
          ],
          "failures": [],
          "pending": [],
          "skipped": [],
          "duration": 1977,
          "root": false,
          "rootEmpty": false,
          "_timeout": 5000
        }
      ],
      "passes": [],
      "failures": [],
      "pending": [],
      "skipped": [],
      "duration": 0,
      "root": true,
      "rootEmpty": true,
      "_timeout": 5000
    }
  ],
  "meta": {
    "mocha": {
      "version": "11.0.1"
    },
    "mochawesome": {
      "options": {
        "quiet": false,
        "reportFilename": "report",
        "saveHtml": true,
        "saveJson": true,
        "consoleReporter": "spec",
        "useInlineDiffs": false,
        "code": true
      },
      "version": "7.1.3"
    },
    "marge": {
      "options": {
        "reportDir": "mochawesome-report",
        "reportFilename": "report"
      },
      "version": "6.2.0"
    }
  }
}